<?xml version="1.0" encoding="UTF-8"?>
<!-- Generated by org.testng.reporters.JUnitXMLReporter -->
<testsuite ignored="0" hostname="DESKTOP-PDQBIIN" failures="0" tests="10" name="Default test" time="138.596" errors="0" timestamp="2025-07-08T10:34:05 SELČ">
  <testcase classname="tests.ShoppingE2EFlowTest" name="testBillingInformation" time="2.487"/>
  <testcase classname="tests.ShoppingE2EFlowTest" name="testConfirmOrderDetails" time="15.738"/>
  <testcase classname="tests.ShoppingE2EFlowTest" name="testOrderCompletion" time="5.646"/>
  <testcase classname="tests.ShoppingE2EFlowTest" name="testPaymentInformation" time="5.086"/>
  <testcase classname="tests.ShoppingE2EFlowTest" name="testPaymentMethodSelection" time="4.107"/>
  <testcase classname="tests.ShoppingE2EFlowTest" name="testShippingAndTotals" time="1.826"/>
  <testcase classname="tests.ShoppingE2EFlowTest" name="testShippingInformation" time="2.964"/>
  <testcase classname="tests.ShoppingE2EFlowTest" name="testShippingMethodSelection" time="3.536"/>
  <testcase classname="tests.ShoppingE2EFlowTest" name="testShoppingCartDetails" time="0.525"/>
  <testcase classname="tests.ShoppingE2EFlowTest" name="testSubmitOrderAndCheckoutUrl" time="1.778"/>
</testsuite> <!-- Default test -->
