<?xml version="1.0" encoding="UTF-8"?>
<!-- Generated by org.testng.reporters.JUnitXMLReporter -->
<testsuite ignored="0" hostname="DESKTOP-PDQBIIN" failures="0" tests="10" name="Test" time="145.015" errors="0" timestamp="2025-07-08T21:27:19 SELČ">
  <testcase classname="tests.ShoppingE2EFlowTest" name="testBillingInformation" time="2.461"/>
  <testcase classname="tests.ShoppingE2EFlowTest" name="testConfirmOrderDetails" time="15.856"/>
  <testcase classname="tests.ShoppingE2EFlowTest" name="testOrderCompletion" time="15.643"/>
  <testcase classname="tests.ShoppingE2EFlowTest" name="testPaymentInformation" time="4.651"/>
  <testcase classname="tests.ShoppingE2EFlowTest" name="testPaymentMethodSelection" time="4.092"/>
  <testcase classname="tests.ShoppingE2EFlowTest" name="testShippingAndTotals" time="1.715"/>
  <testcase classname="tests.ShoppingE2EFlowTest" name="testShippingInformation" time="2.94"/>
  <testcase classname="tests.ShoppingE2EFlowTest" name="testShippingMethodSelection" time="3.589"/>
  <testcase classname="tests.ShoppingE2EFlowTest" name="testShoppingCartDetails" time="0.506"/>
  <testcase classname="tests.ShoppingE2EFlowTest" name="testSubmitOrderAndCheckoutUrl" time="1.684"/>
</testsuite> <!-- Test -->
