<?xml version="1.0" encoding="UTF-8"?>
<testng-results ignored="0" total="1" passed="1" failed="0" skipped="0">
  <reporter-output>
  </reporter-output>
  <suite started-at="2025-07-08T08:09:48 SELČ" name="Default suite" finished-at="2025-07-08T08:10:12 SELČ" duration-ms="23616">
    <groups>
    </groups>
    <test started-at="2025-07-08T08:09:48 SELČ" name="Default test" finished-at="2025-07-08T08:10:12 SELČ" duration-ms="23616">
      <class name="tests.ShoppingE2EFlowTest">
        <test-method is-config="true" signature="setup()[pri:0, instance:tests.ShoppingE2EFlowTest@47f4e407]" started-at="2025-07-08T08:09:48 SELČ" name="setup" finished-at="2025-07-08T08:09:54 SELČ" duration-ms="5941" status="PASS">
          <reporter-output>
          </reporter-output>
        </test-method> <!-- setup -->
        <test-method signature="shoppingE2EFlow()[pri:0, instance:tests.ShoppingE2EFlowTest@47f4e407]" started-at="2025-07-08T08:09:54 SELČ" name="shoppingE2EFlow" description="Shopping e2e flow" finished-at="2025-07-08T08:10:12 SELČ" duration-ms="17487" status="PASS">
          <reporter-output>
          </reporter-output>
        </test-method> <!-- shoppingE2EFlow -->
        <test-method is-config="true" signature="tearDown()[pri:0, instance:tests.ShoppingE2EFlowTest@47f4e407]" started-at="2025-07-08T08:10:12 SELČ" name="tearDown" finished-at="2025-07-08T08:10:12 SELČ" duration-ms="154" status="PASS">
          <reporter-output>
          </reporter-output>
        </test-method> <!-- tearDown -->
      </class> <!-- tests.ShoppingE2EFlowTest -->
    </test> <!-- Default test -->
  </suite> <!-- Default suite -->
</testng-results>
