<?xml version="1.0" encoding="UTF-8"?>
<testng-results ignored="9" total="10" passed="1" failed="0" skipped="0">
  <reporter-output>
  </reporter-output>
  <suite started-at="2025-07-09T09:55:50 SELČ" name="Default suite" finished-at="2025-07-09T09:56:13 SELČ" duration-ms="22885">
    <groups>
    </groups>
    <test started-at="2025-07-09T09:55:50 SELČ" name="Default test" finished-at="2025-07-09T09:56:13 SELČ" duration-ms="22885">
      <class name="tests.EndToEndShoppingFlowAfterLoginTest">
        <test-method is-config="true" signature="setup()[pri:0, instance:tests.EndToEndShoppingFlowAfterLoginTest@241e8ea6]" started-at="2025-07-09T09:55:50 SELČ" name="setup" finished-at="2025-07-09T09:55:57 SELČ" duration-ms="6235" status="PASS">
          <reporter-output>
          </reporter-output>
        </test-method> <!-- setup -->
        <test-method signature="verifyOrderCompletionAfterLogin()[pri:0, instance:tests.EndToEndShoppingFlowAfterLoginTest@241e8ea6]" started-at="2025-07-09T09:55:57 SELČ" name="verifyOrderCompletionAfterLogin" description="Order completion" finished-at="2025-07-09T09:56:13 SELČ" duration-ms="16484" status="PASS">
          <reporter-output>
          </reporter-output>
        </test-method> <!-- verifyOrderCompletionAfterLogin -->
        <test-method is-config="true" signature="tearDown()[pri:0, instance:tests.EndToEndShoppingFlowAfterLoginTest@241e8ea6]" started-at="2025-07-09T09:56:13 SELČ" name="tearDown" finished-at="2025-07-09T09:56:13 SELČ" duration-ms="134" status="PASS">
          <reporter-output>
          </reporter-output>
        </test-method> <!-- tearDown -->
      </class> <!-- tests.EndToEndShoppingFlowAfterLoginTest -->
    </test> <!-- Default test -->
  </suite> <!-- Default suite -->
</testng-results>
