<?xml version="1.0" encoding="UTF-8"?>
<testng-results ignored="0" total="10" passed="10" failed="0" skipped="0">
  <reporter-output>
  </reporter-output>
  <suite started-at="2025-07-08T21:24:54 SELČ" name="Suite" finished-at="2025-07-08T21:27:19 SELČ" duration-ms="145015">
    <groups>
    </groups>
    <test started-at="2025-07-08T21:24:54 SELČ" name="Test" finished-at="2025-07-08T21:27:19 SELČ" duration-ms="145015">
      <class name="tests.ShoppingE2EFlowTest">
        <test-method is-config="true" signature="setup()[pri:0, instance:tests.ShoppingE2EFlowTest@112f364d]" started-at="2025-07-08T21:24:54 SELČ" name="setup" finished-at="2025-07-08T21:25:00 SELČ" duration-ms="5673" status="PASS">
          <reporter-output>
          </reporter-output>
        </test-method> <!-- setup -->
        <test-method signature="testBillingInformation()[pri:0, instance:tests.ShoppingE2EFlowTest@112f364d]" started-at="2025-07-08T21:25:00 SELČ" name="testBillingInformation" description="Billing information" finished-at="2025-07-08T21:25:02 SELČ" duration-ms="2461" status="PASS">
          <reporter-output>
          </reporter-output>
        </test-method> <!-- testBillingInformation -->
        <test-method is-config="true" signature="tearDown()[pri:0, instance:tests.ShoppingE2EFlowTest@112f364d]" started-at="2025-07-08T21:25:02 SELČ" name="tearDown" finished-at="2025-07-08T21:25:03 SELČ" duration-ms="128" status="PASS">
          <reporter-output>
          </reporter-output>
        </test-method> <!-- tearDown -->
        <test-method is-config="true" signature="setup()[pri:0, instance:tests.ShoppingE2EFlowTest@112f364d]" started-at="2025-07-08T21:25:03 SELČ" name="setup" finished-at="2025-07-08T21:25:08 SELČ" duration-ms="5312" status="PASS">
          <reporter-output>
          </reporter-output>
        </test-method> <!-- setup -->
        <test-method signature="testConfirmOrderDetails()[pri:0, instance:tests.ShoppingE2EFlowTest@112f364d]" started-at="2025-07-08T21:25:08 SELČ" name="testConfirmOrderDetails" description="Confirm order details" finished-at="2025-07-08T21:25:24 SELČ" duration-ms="15856" status="PASS">
          <reporter-output>
          </reporter-output>
        </test-method> <!-- testConfirmOrderDetails -->
        <test-method is-config="true" signature="tearDown()[pri:0, instance:tests.ShoppingE2EFlowTest@112f364d]" started-at="2025-07-08T21:25:24 SELČ" name="tearDown" finished-at="2025-07-08T21:25:24 SELČ" duration-ms="115" status="PASS">
          <reporter-output>
          </reporter-output>
        </test-method> <!-- tearDown -->
        <test-method is-config="true" signature="setup()[pri:0, instance:tests.ShoppingE2EFlowTest@112f364d]" started-at="2025-07-08T21:25:24 SELČ" name="setup" finished-at="2025-07-08T21:25:48 SELČ" duration-ms="24366" status="PASS">
          <reporter-output>
          </reporter-output>
        </test-method> <!-- setup -->
        <test-method signature="testOrderCompletion()[pri:0, instance:tests.ShoppingE2EFlowTest@112f364d]" started-at="2025-07-08T21:25:48 SELČ" name="testOrderCompletion" description="Order completion" finished-at="2025-07-08T21:26:04 SELČ" duration-ms="15643" status="PASS">
          <reporter-output>
          </reporter-output>
        </test-method> <!-- testOrderCompletion -->
        <test-method is-config="true" signature="tearDown()[pri:0, instance:tests.ShoppingE2EFlowTest@112f364d]" started-at="2025-07-08T21:26:04 SELČ" name="tearDown" finished-at="2025-07-08T21:26:04 SELČ" duration-ms="121" status="PASS">
          <reporter-output>
          </reporter-output>
        </test-method> <!-- tearDown -->
        <test-method is-config="true" signature="setup()[pri:0, instance:tests.ShoppingE2EFlowTest@112f364d]" started-at="2025-07-08T21:26:04 SELČ" name="setup" finished-at="2025-07-08T21:26:29 SELČ" duration-ms="24515" status="PASS">
          <reporter-output>
          </reporter-output>
        </test-method> <!-- setup -->
        <test-method signature="testPaymentInformation()[pri:0, instance:tests.ShoppingE2EFlowTest@112f364d]" started-at="2025-07-08T21:26:29 SELČ" name="testPaymentInformation" description="Payment information verification" finished-at="2025-07-08T21:26:33 SELČ" duration-ms="4651" status="PASS">
          <reporter-output>
          </reporter-output>
        </test-method> <!-- testPaymentInformation -->
        <test-method is-config="true" signature="tearDown()[pri:0, instance:tests.ShoppingE2EFlowTest@112f364d]" started-at="2025-07-08T21:26:33 SELČ" name="tearDown" finished-at="2025-07-08T21:26:33 SELČ" duration-ms="128" status="PASS">
          <reporter-output>
          </reporter-output>
        </test-method> <!-- tearDown -->
        <test-method is-config="true" signature="setup()[pri:0, instance:tests.ShoppingE2EFlowTest@112f364d]" started-at="2025-07-08T21:26:33 SELČ" name="setup" finished-at="2025-07-08T21:26:38 SELČ" duration-ms="5050" status="PASS">
          <reporter-output>
          </reporter-output>
        </test-method> <!-- setup -->
        <test-method signature="testPaymentMethodSelection()[pri:0, instance:tests.ShoppingE2EFlowTest@112f364d]" started-at="2025-07-08T21:26:38 SELČ" name="testPaymentMethodSelection" description="Payment method selection" finished-at="2025-07-08T21:26:42 SELČ" duration-ms="4092" status="PASS">
          <reporter-output>
          </reporter-output>
        </test-method> <!-- testPaymentMethodSelection -->
        <test-method is-config="true" signature="tearDown()[pri:0, instance:tests.ShoppingE2EFlowTest@112f364d]" started-at="2025-07-08T21:26:42 SELČ" name="tearDown" finished-at="2025-07-08T21:26:43 SELČ" duration-ms="130" status="PASS">
          <reporter-output>
          </reporter-output>
        </test-method> <!-- tearDown -->
        <test-method is-config="true" signature="setup()[pri:0, instance:tests.ShoppingE2EFlowTest@112f364d]" started-at="2025-07-08T21:26:43 SELČ" name="setup" finished-at="2025-07-08T21:26:48 SELČ" duration-ms="5144" status="PASS">
          <reporter-output>
          </reporter-output>
        </test-method> <!-- setup -->
        <test-method signature="testShippingAndTotals()[pri:0, instance:tests.ShoppingE2EFlowTest@112f364d]" started-at="2025-07-08T21:26:48 SELČ" name="testShippingAndTotals" description="Estimate shipping and check totals" finished-at="2025-07-08T21:26:49 SELČ" duration-ms="1715" status="PASS">
          <reporter-output>
          </reporter-output>
        </test-method> <!-- testShippingAndTotals -->
        <test-method is-config="true" signature="tearDown()[pri:0, instance:tests.ShoppingE2EFlowTest@112f364d]" started-at="2025-07-08T21:26:49 SELČ" name="tearDown" finished-at="2025-07-08T21:26:50 SELČ" duration-ms="130" status="PASS">
          <reporter-output>
          </reporter-output>
        </test-method> <!-- tearDown -->
        <test-method is-config="true" signature="setup()[pri:0, instance:tests.ShoppingE2EFlowTest@112f364d]" started-at="2025-07-08T21:26:50 SELČ" name="setup" finished-at="2025-07-08T21:26:55 SELČ" duration-ms="4927" status="PASS">
          <reporter-output>
          </reporter-output>
        </test-method> <!-- setup -->
        <test-method signature="testShippingInformation()[pri:0, instance:tests.ShoppingE2EFlowTest@112f364d]" started-at="2025-07-08T21:26:55 SELČ" name="testShippingInformation" description="Shipping information" finished-at="2025-07-08T21:26:57 SELČ" duration-ms="2940" status="PASS">
          <reporter-output>
          </reporter-output>
        </test-method> <!-- testShippingInformation -->
        <test-method is-config="true" signature="tearDown()[pri:0, instance:tests.ShoppingE2EFlowTest@112f364d]" started-at="2025-07-08T21:26:57 SELČ" name="tearDown" finished-at="2025-07-08T21:26:58 SELČ" duration-ms="113" status="PASS">
          <reporter-output>
          </reporter-output>
        </test-method> <!-- tearDown -->
        <test-method is-config="true" signature="setup()[pri:0, instance:tests.ShoppingE2EFlowTest@112f364d]" started-at="2025-07-08T21:26:58 SELČ" name="setup" finished-at="2025-07-08T21:27:03 SELČ" duration-ms="4974" status="PASS">
          <reporter-output>
          </reporter-output>
        </test-method> <!-- setup -->
        <test-method signature="testShippingMethodSelection()[pri:0, instance:tests.ShoppingE2EFlowTest@112f364d]" started-at="2025-07-08T21:27:03 SELČ" name="testShippingMethodSelection" description="Shipping method selection" finished-at="2025-07-08T21:27:06 SELČ" duration-ms="3589" status="PASS">
          <reporter-output>
          </reporter-output>
        </test-method> <!-- testShippingMethodSelection -->
        <test-method is-config="true" signature="tearDown()[pri:0, instance:tests.ShoppingE2EFlowTest@112f364d]" started-at="2025-07-08T21:27:06 SELČ" name="tearDown" finished-at="2025-07-08T21:27:06 SELČ" duration-ms="129" status="PASS">
          <reporter-output>
          </reporter-output>
        </test-method> <!-- tearDown -->
        <test-method is-config="true" signature="setup()[pri:0, instance:tests.ShoppingE2EFlowTest@112f364d]" started-at="2025-07-08T21:27:06 SELČ" name="setup" finished-at="2025-07-08T21:27:12 SELČ" duration-ms="5575" status="PASS">
          <reporter-output>
          </reporter-output>
        </test-method> <!-- setup -->
        <test-method signature="testShoppingCartDetails()[pri:0, instance:tests.ShoppingE2EFlowTest@112f364d]" started-at="2025-07-08T21:27:12 SELČ" name="testShoppingCartDetails" description="Check shopping cart details" finished-at="2025-07-08T21:27:12 SELČ" duration-ms="506" status="PASS">
          <reporter-output>
          </reporter-output>
        </test-method> <!-- testShoppingCartDetails -->
        <test-method is-config="true" signature="tearDown()[pri:0, instance:tests.ShoppingE2EFlowTest@112f364d]" started-at="2025-07-08T21:27:12 SELČ" name="tearDown" finished-at="2025-07-08T21:27:12 SELČ" duration-ms="111" status="PASS">
          <reporter-output>
          </reporter-output>
        </test-method> <!-- tearDown -->
        <test-method is-config="true" signature="setup()[pri:0, instance:tests.ShoppingE2EFlowTest@112f364d]" started-at="2025-07-08T21:27:12 SELČ" name="setup" finished-at="2025-07-08T21:27:18 SELČ" duration-ms="5070" status="PASS">
          <reporter-output>
          </reporter-output>
        </test-method> <!-- setup -->
        <test-method signature="testSubmitOrderAndCheckoutUrl()[pri:0, instance:tests.ShoppingE2EFlowTest@112f364d]" started-at="2025-07-08T21:27:18 SELČ" name="testSubmitOrderAndCheckoutUrl" description="Submit order and check checkout URL" finished-at="2025-07-08T21:27:19 SELČ" duration-ms="1684" status="PASS">
          <reporter-output>
          </reporter-output>
        </test-method> <!-- testSubmitOrderAndCheckoutUrl -->
        <test-method is-config="true" signature="tearDown()[pri:0, instance:tests.ShoppingE2EFlowTest@112f364d]" started-at="2025-07-08T21:27:19 SELČ" name="tearDown" finished-at="2025-07-08T21:27:19 SELČ" duration-ms="121" status="PASS">
          <reporter-output>
          </reporter-output>
        </test-method> <!-- tearDown -->
      </class> <!-- tests.ShoppingE2EFlowTest -->
    </test> <!-- Test -->
  </suite> <!-- Suite -->
</testng-results>
