<?xml version="1.0" encoding="UTF-8"?>
<testng-results retried="3" ignored="0" total="42" passed="38" failed="1" skipped="0">
  <reporter-output>
  </reporter-output>
  <suite started-at="2025-07-13T12:42:44 SELČ" name="Suite" finished-at="2025-07-13T12:52:58 SELČ" duration-ms="614040">
    <groups>
    </groups>
    <test started-at="2025-07-13T12:42:44 SELČ" name="Test" finished-at="2025-07-13T12:52:58 SELČ" duration-ms="614040">
      <class name="tests.negativeTests.LoginInvalidTests">
        <test-method is-config="true" signature="setup()[pri:0, instance:tests.negativeTests.LoginInvalidTests@6f152006]" started-at="2025-07-13T12:47:52 SELČ" name="setup" finished-at="2025-07-13T12:47:54 SELČ" duration-ms="1684" status="PASS">
          <reporter-output>
          </reporter-output>
        </test-method> <!-- setup -->
        <test-method signature="loginWithInvalidCredentialsTest(java.lang.String,java.lang.String,java.lang.String,[Ljava.lang.String;)[pri:0, instance:tests.negativeTests.LoginInvalidTests@6f152006]" started-at="2025-07-13T12:47:54 SELČ" name="loginWithInvalidCredentialsTest" description="Login with invalid or empty credentials" data-provider="invalidLoginData" finished-at="2025-07-13T12:47:55 SELČ" duration-ms="896" status="PASS">
          <params>
            <param index="0">
              <value>
                <![CDATA[veronika.test9@test.sk]]>
              </value>
            </param>
            <param index="1">
              <value>
                <![CDATA[djf]]>
              </value>
            </param>
            <param index="2">
              <value>
                <![CDATA[Login with valid email + too short password]]>
              </value>
            </param>
            <param index="3">
              <value>
                <![CDATA[[Ljava.lang.String;@20c65433]]>
              </value>
            </param>
          </params>
          <reporter-output>
          </reporter-output>
        </test-method> <!-- loginWithInvalidCredentialsTest -->
        <test-method is-config="true" signature="tearDown()[pri:0, instance:tests.negativeTests.LoginInvalidTests@6f152006]" started-at="2025-07-13T12:47:55 SELČ" name="tearDown" finished-at="2025-07-13T12:47:55 SELČ" duration-ms="79" status="PASS">
          <reporter-output>
          </reporter-output>
        </test-method> <!-- tearDown -->
        <test-method is-config="true" signature="setup()[pri:0, instance:tests.negativeTests.LoginInvalidTests@6f152006]" started-at="2025-07-13T12:47:55 SELČ" name="setup" finished-at="2025-07-13T12:47:56 SELČ" duration-ms="1673" status="PASS">
          <reporter-output>
          </reporter-output>
        </test-method> <!-- setup -->
        <test-method signature="loginWithInvalidCredentialsTest(java.lang.String,java.lang.String,java.lang.String,[Ljava.lang.String;)[pri:0, instance:tests.negativeTests.LoginInvalidTests@6f152006]" started-at="2025-07-13T12:47:56 SELČ" name="loginWithInvalidCredentialsTest" description="Login with invalid or empty credentials" data-provider="invalidLoginData" finished-at="2025-07-13T12:47:57 SELČ" duration-ms="833" status="PASS">
          <params>
            <param index="0">
              <value>
                <![CDATA[veronika.test9@test.sk]]>
              </value>
            </param>
            <param index="1">
              <value>
                <![CDATA[]]>
              </value>
            </param>
            <param index="2">
              <value>
                <![CDATA[Login with valid email + empty password]]>
              </value>
            </param>
            <param index="3">
              <value>
                <![CDATA[[Ljava.lang.String;@7de36991]]>
              </value>
            </param>
          </params>
          <reporter-output>
          </reporter-output>
        </test-method> <!-- loginWithInvalidCredentialsTest -->
        <test-method is-config="true" signature="tearDown()[pri:0, instance:tests.negativeTests.LoginInvalidTests@6f152006]" started-at="2025-07-13T12:47:57 SELČ" name="tearDown" finished-at="2025-07-13T12:47:57 SELČ" duration-ms="83" status="PASS">
          <reporter-output>
          </reporter-output>
        </test-method> <!-- tearDown -->
        <test-method is-config="true" signature="setup()[pri:0, instance:tests.negativeTests.LoginInvalidTests@6f152006]" started-at="2025-07-13T12:47:57 SELČ" name="setup" finished-at="2025-07-13T12:47:59 SELČ" duration-ms="1581" status="PASS">
          <reporter-output>
          </reporter-output>
        </test-method> <!-- setup -->
        <test-method signature="loginWithInvalidCredentialsTest(java.lang.String,java.lang.String,java.lang.String,[Ljava.lang.String;)[pri:0, instance:tests.negativeTests.LoginInvalidTests@6f152006]" started-at="2025-07-13T12:47:59 SELČ" name="loginWithInvalidCredentialsTest" description="Login with invalid or empty credentials" data-provider="invalidLoginData" finished-at="2025-07-13T12:48:00 SELČ" duration-ms="894" status="PASS">
          <params>
            <param index="0">
              <value>
                <![CDATA[]]>
              </value>
            </param>
            <param index="1">
              <value>
                <![CDATA[Test1234!]]>
              </value>
            </param>
            <param index="2">
              <value>
                <![CDATA[Login with empty email + valid password]]>
              </value>
            </param>
            <param index="3">
              <value>
                <![CDATA[[Ljava.lang.String;@4ad5579f]]>
              </value>
            </param>
          </params>
          <reporter-output>
          </reporter-output>
        </test-method> <!-- loginWithInvalidCredentialsTest -->
        <test-method is-config="true" signature="tearDown()[pri:0, instance:tests.negativeTests.LoginInvalidTests@6f152006]" started-at="2025-07-13T12:48:00 SELČ" name="tearDown" finished-at="2025-07-13T12:48:00 SELČ" duration-ms="104" status="PASS">
          <reporter-output>
          </reporter-output>
        </test-method> <!-- tearDown -->
        <test-method is-config="true" signature="setup()[pri:0, instance:tests.negativeTests.LoginInvalidTests@6f152006]" started-at="2025-07-13T12:48:00 SELČ" name="setup" finished-at="2025-07-13T12:48:03 SELČ" duration-ms="2530" status="PASS">
          <reporter-output>
          </reporter-output>
        </test-method> <!-- setup -->
        <test-method signature="loginWithInvalidCredentialsTest(java.lang.String,java.lang.String,java.lang.String,[Ljava.lang.String;)[pri:0, instance:tests.negativeTests.LoginInvalidTests@6f152006]" started-at="2025-07-13T12:48:03 SELČ" name="loginWithInvalidCredentialsTest" description="Login with invalid or empty credentials" data-provider="invalidLoginData" finished-at="2025-07-13T12:48:03 SELČ" duration-ms="907" status="PASS">
          <params>
            <param index="0">
              <value>
                <![CDATA[veron@tes.sk]]>
              </value>
            </param>
            <param index="1">
              <value>
                <![CDATA[1254]]>
              </value>
            </param>
            <param index="2">
              <value>
                <![CDATA[Login with invalid email format + invalid too short password]]>
              </value>
            </param>
            <param index="3">
              <value>
                <![CDATA[[Ljava.lang.String;@5696bfa4]]>
              </value>
            </param>
          </params>
          <reporter-output>
          </reporter-output>
        </test-method> <!-- loginWithInvalidCredentialsTest -->
        <test-method is-config="true" signature="tearDown()[pri:0, instance:tests.negativeTests.LoginInvalidTests@6f152006]" started-at="2025-07-13T12:48:03 SELČ" name="tearDown" finished-at="2025-07-13T12:48:04 SELČ" duration-ms="91" status="PASS">
          <reporter-output>
          </reporter-output>
        </test-method> <!-- tearDown -->
        <test-method is-config="true" signature="setup()[pri:0, instance:tests.negativeTests.LoginInvalidTests@6f152006]" started-at="2025-07-13T12:48:04 SELČ" name="setup" finished-at="2025-07-13T12:48:05 SELČ" duration-ms="1687" status="PASS">
          <reporter-output>
          </reporter-output>
        </test-method> <!-- setup -->
        <test-method signature="loginWithInvalidCredentialsTest(java.lang.String,java.lang.String,java.lang.String,[Ljava.lang.String;)[pri:0, instance:tests.negativeTests.LoginInvalidTests@6f152006]" started-at="2025-07-13T12:48:05 SELČ" name="loginWithInvalidCredentialsTest" description="Login with invalid or empty credentials" data-provider="invalidLoginData" finished-at="2025-07-13T12:48:06 SELČ" duration-ms="786" status="PASS">
          <params>
            <param index="0">
              <value>
                <![CDATA[]]>
              </value>
            </param>
            <param index="1">
              <value>
                <![CDATA[]]>
              </value>
            </param>
            <param index="2">
              <value>
                <![CDATA[Login with empty credentials]]>
              </value>
            </param>
            <param index="3">
              <value>
                <![CDATA[[Ljava.lang.String;@130f2eca]]>
              </value>
            </param>
          </params>
          <reporter-output>
          </reporter-output>
        </test-method> <!-- loginWithInvalidCredentialsTest -->
        <test-method is-config="true" signature="tearDown()[pri:0, instance:tests.negativeTests.LoginInvalidTests@6f152006]" started-at="2025-07-13T12:48:06 SELČ" name="tearDown" finished-at="2025-07-13T12:48:06 SELČ" duration-ms="87" status="PASS">
          <reporter-output>
          </reporter-output>
        </test-method> <!-- tearDown -->
        <test-method is-config="true" signature="setup()[pri:0, instance:tests.negativeTests.LoginInvalidTests@6f152006]" started-at="2025-07-13T12:48:06 SELČ" name="setup" finished-at="2025-07-13T12:48:08 SELČ" duration-ms="1610" status="PASS">
          <reporter-output>
          </reporter-output>
        </test-method> <!-- setup -->
        <test-method signature="loginWithInvalidCredentialsTest(java.lang.String,java.lang.String,java.lang.String,[Ljava.lang.String;)[pri:0, instance:tests.negativeTests.LoginInvalidTests@6f152006]" started-at="2025-07-13T12:48:08 SELČ" name="loginWithInvalidCredentialsTest" description="Login with invalid or empty credentials" data-provider="invalidLoginData" finished-at="2025-07-13T12:48:09 SELČ" duration-ms="932" status="PASS">
          <params>
            <param index="0">
              <value>
                <![CDATA[veronika.test9@test.sk]]>
              </value>
            </param>
            <param index="1">
              <value>
                <![CDATA[aaaaaaaaaaaaaaaaaaaaaaaaaaaaaaaaaaaaaaaaaaaaaaaaaaaaaaaaaaaaaaaaaaaaaaaaaaaaaaaaaaaaaaaaaaaaaaaaaaaaa]]>
              </value>
            </param>
            <param index="2">
              <value>
                <![CDATA[Login with valid email + too long password]]>
              </value>
            </param>
            <param index="3">
              <value>
                <![CDATA[[Ljava.lang.String;@44e31e89]]>
              </value>
            </param>
          </params>
          <reporter-output>
          </reporter-output>
        </test-method> <!-- loginWithInvalidCredentialsTest -->
        <test-method is-config="true" signature="tearDown()[pri:0, instance:tests.negativeTests.LoginInvalidTests@6f152006]" started-at="2025-07-13T12:48:09 SELČ" name="tearDown" finished-at="2025-07-13T12:48:09 SELČ" duration-ms="87" status="PASS">
          <reporter-output>
          </reporter-output>
        </test-method> <!-- tearDown -->
        <test-method is-config="true" signature="setup()[pri:0, instance:tests.negativeTests.LoginInvalidTests@6f152006]" started-at="2025-07-13T12:48:09 SELČ" name="setup" finished-at="2025-07-13T12:48:10 SELČ" duration-ms="1608" status="PASS">
          <reporter-output>
          </reporter-output>
        </test-method> <!-- setup -->
        <test-method signature="loginWithInvalidCredentialsTest(java.lang.String,java.lang.String,java.lang.String,[Ljava.lang.String;)[pri:0, instance:tests.negativeTests.LoginInvalidTests@6f152006]" started-at="2025-07-13T12:48:10 SELČ" name="loginWithInvalidCredentialsTest" description="Login with invalid or empty credentials" data-provider="invalidLoginData" finished-at="2025-07-13T12:48:11 SELČ" duration-ms="938" status="PASS">
          <params>
            <param index="0">
              <value>
                <![CDATA[veronika.test9@test.sk]]>
              </value>
            </param>
            <param index="1">
              <value>
                <![CDATA[PasswordOnly]]>
              </value>
            </param>
            <param index="2">
              <value>
                <![CDATA[Login with valid email + password missing digits]]>
              </value>
            </param>
            <param index="3">
              <value>
                <![CDATA[[Ljava.lang.String;@3941d66b]]>
              </value>
            </param>
          </params>
          <reporter-output>
          </reporter-output>
        </test-method> <!-- loginWithInvalidCredentialsTest -->
        <test-method is-config="true" signature="tearDown()[pri:0, instance:tests.negativeTests.LoginInvalidTests@6f152006]" started-at="2025-07-13T12:48:11 SELČ" name="tearDown" finished-at="2025-07-13T12:48:11 SELČ" duration-ms="108" status="PASS">
          <reporter-output>
          </reporter-output>
        </test-method> <!-- tearDown -->
        <test-method is-config="true" signature="setup()[pri:0, instance:tests.negativeTests.LoginInvalidTests@6f152006]" started-at="2025-07-13T12:48:11 SELČ" name="setup" finished-at="2025-07-13T12:48:13 SELČ" duration-ms="1655" status="PASS">
          <reporter-output>
          </reporter-output>
        </test-method> <!-- setup -->
        <test-method signature="loginWithInvalidCredentialsTest(java.lang.String,java.lang.String,java.lang.String,[Ljava.lang.String;)[pri:0, instance:tests.negativeTests.LoginInvalidTests@6f152006]" started-at="2025-07-13T12:48:13 SELČ" name="loginWithInvalidCredentialsTest" description="Login with invalid or empty credentials" data-provider="invalidLoginData" finished-at="2025-07-13T12:48:14 SELČ" duration-ms="883" status="PASS">
          <params>
            <param index="0">
              <value>
                <![CDATA[veronika.test9@test.sk]]>
              </value>
            </param>
            <param index="1">
              <value>
                <![CDATA[12345678]]>
              </value>
            </param>
            <param index="2">
              <value>
                <![CDATA[Login with valid email + password missing letters]]>
              </value>
            </param>
            <param index="3">
              <value>
                <![CDATA[[Ljava.lang.String;@60615d72]]>
              </value>
            </param>
          </params>
          <reporter-output>
          </reporter-output>
        </test-method> <!-- loginWithInvalidCredentialsTest -->
        <test-method is-config="true" signature="tearDown()[pri:0, instance:tests.negativeTests.LoginInvalidTests@6f152006]" started-at="2025-07-13T12:48:14 SELČ" name="tearDown" finished-at="2025-07-13T12:48:14 SELČ" duration-ms="96" status="PASS">
          <reporter-output>
          </reporter-output>
        </test-method> <!-- tearDown -->
        <test-method is-config="true" signature="setup()[pri:0, instance:tests.negativeTests.LoginInvalidTests@6f152006]" started-at="2025-07-13T12:48:14 SELČ" name="setup" finished-at="2025-07-13T12:48:16 SELČ" duration-ms="2209" status="PASS">
          <reporter-output>
          </reporter-output>
        </test-method> <!-- setup -->
        <test-method signature="loginWithInvalidCredentialsTest(java.lang.String,java.lang.String,java.lang.String,[Ljava.lang.String;)[pri:0, instance:tests.negativeTests.LoginInvalidTests@6f152006]" started-at="2025-07-13T12:48:16 SELČ" name="loginWithInvalidCredentialsTest" description="Login with invalid or empty credentials" data-provider="invalidLoginData" finished-at="2025-07-13T12:48:17 SELČ" duration-ms="869" status="PASS">
          <params>
            <param index="0">
              <value>
                <![CDATA[veronika.test9@test.sk]]>
              </value>
            </param>
            <param index="1">
              <value>
                <![CDATA[        ]]>
              </value>
            </param>
            <param index="2">
              <value>
                <![CDATA[Valid email + password with only spaces]]>
              </value>
            </param>
            <param index="3">
              <value>
                <![CDATA[[Ljava.lang.String;@2c1c10b5]]>
              </value>
            </param>
          </params>
          <reporter-output>
          </reporter-output>
        </test-method> <!-- loginWithInvalidCredentialsTest -->
        <test-method is-config="true" signature="tearDown()[pri:0, instance:tests.negativeTests.LoginInvalidTests@6f152006]" started-at="2025-07-13T12:48:17 SELČ" name="tearDown" finished-at="2025-07-13T12:48:17 SELČ" duration-ms="84" status="PASS">
          <reporter-output>
          </reporter-output>
        </test-method> <!-- tearDown -->
        <test-method is-config="true" signature="setup()[pri:0, instance:tests.negativeTests.LoginInvalidTests@6f152006]" started-at="2025-07-13T12:48:17 SELČ" name="setup" finished-at="2025-07-13T12:48:19 SELČ" duration-ms="1790" status="PASS">
          <reporter-output>
          </reporter-output>
        </test-method> <!-- setup -->
        <test-method signature="loginWithInvalidCredentialsTest(java.lang.String,java.lang.String,java.lang.String,[Ljava.lang.String;)[pri:0, instance:tests.negativeTests.LoginInvalidTests@6f152006]" started-at="2025-07-13T12:48:19 SELČ" name="loginWithInvalidCredentialsTest" description="Login with invalid or empty credentials" data-provider="invalidLoginData" finished-at="2025-07-13T12:48:20 SELČ" duration-ms="868" status="PASS">
          <params>
            <param index="0">
              <value>
                <![CDATA[veronika.test9@test.sk]]>
              </value>
            </param>
            <param index="1">
              <value>
                <![CDATA[!@#$%^&*]]>
              </value>
            </param>
            <param index="2">
              <value>
                <![CDATA[Valid email + password with only special characters]]>
              </value>
            </param>
            <param index="3">
              <value>
                <![CDATA[[Ljava.lang.String;@4a261ac8]]>
              </value>
            </param>
          </params>
          <reporter-output>
          </reporter-output>
        </test-method> <!-- loginWithInvalidCredentialsTest -->
        <test-method is-config="true" signature="tearDown()[pri:0, instance:tests.negativeTests.LoginInvalidTests@6f152006]" started-at="2025-07-13T12:48:20 SELČ" name="tearDown" finished-at="2025-07-13T12:48:20 SELČ" duration-ms="98" status="PASS">
          <reporter-output>
          </reporter-output>
        </test-method> <!-- tearDown -->
        <test-method is-config="true" signature="setup()[pri:0, instance:tests.negativeTests.LoginInvalidTests@6f152006]" started-at="2025-07-13T12:48:20 SELČ" name="setup" finished-at="2025-07-13T12:48:22 SELČ" duration-ms="1807" status="PASS">
          <reporter-output>
          </reporter-output>
        </test-method> <!-- setup -->
        <test-method signature="loginWithInvalidCredentialsTest(java.lang.String,java.lang.String,java.lang.String,[Ljava.lang.String;)[pri:0, instance:tests.negativeTests.LoginInvalidTests@6f152006]" started-at="2025-07-13T12:48:22 SELČ" name="loginWithInvalidCredentialsTest" description="Login with invalid or empty credentials" data-provider="invalidLoginData" finished-at="2025-07-13T12:48:23 SELČ" duration-ms="877" status="PASS">
          <params>
            <param index="0">
              <value>
                <![CDATA[veronika.test9@test.sk]]>
              </value>
            </param>
            <param index="1">
              <value>
                <![CDATA[Tes t12! ]]>
              </value>
            </param>
            <param index="2">
              <value>
                <![CDATA[Valid email + password with space inside]]>
              </value>
            </param>
            <param index="3">
              <value>
                <![CDATA[[Ljava.lang.String;@246ad025]]>
              </value>
            </param>
          </params>
          <reporter-output>
          </reporter-output>
        </test-method> <!-- loginWithInvalidCredentialsTest -->
        <test-method is-config="true" signature="tearDown()[pri:0, instance:tests.negativeTests.LoginInvalidTests@6f152006]" started-at="2025-07-13T12:48:23 SELČ" name="tearDown" finished-at="2025-07-13T12:48:23 SELČ" duration-ms="95" status="PASS">
          <reporter-output>
          </reporter-output>
        </test-method> <!-- tearDown -->
      </class> <!-- tests.negativeTests.LoginInvalidTests -->
      <class name="tests.positiveTests.EndToEndShoppingFlowAfterLoginTest">
        <test-method is-config="true" signature="setup()[pri:0, instance:tests.positiveTests.EndToEndShoppingFlowAfterLoginTest@7cbc3762]" started-at="2025-07-13T12:50:27 SELČ" name="setup" finished-at="2025-07-13T12:50:32 SELČ" duration-ms="4943" status="PASS">
          <reporter-output>
          </reporter-output>
        </test-method> <!-- setup -->
        <test-method signature="checkConfirmOrderDetailsAfterLogin()[pri:0, instance:tests.positiveTests.EndToEndShoppingFlowAfterLoginTest@7cbc3762]" started-at="2025-07-13T12:50:32 SELČ" name="checkConfirmOrderDetailsAfterLogin" description="Confirm order details" finished-at="2025-07-13T12:50:39 SELČ" duration-ms="6933" status="PASS">
          <reporter-output>
          </reporter-output>
        </test-method> <!-- checkConfirmOrderDetailsAfterLogin -->
        <test-method is-config="true" signature="tearDown()[pri:0, instance:tests.positiveTests.EndToEndShoppingFlowAfterLoginTest@7cbc3762]" started-at="2025-07-13T12:50:39 SELČ" name="tearDown" finished-at="2025-07-13T12:50:41 SELČ" duration-ms="2252" status="PASS">
          <reporter-output>
          </reporter-output>
        </test-method> <!-- tearDown -->
        <test-method is-config="true" signature="setup()[pri:0, instance:tests.positiveTests.EndToEndShoppingFlowAfterLoginTest@7cbc3762]" started-at="2025-07-13T12:50:41 SELČ" name="setup" finished-at="2025-07-13T12:51:05 SELČ" duration-ms="24360" status="PASS">
          <reporter-output>
          </reporter-output>
        </test-method> <!-- setup -->
        <test-method signature="selectPaymentMethodAfterLogin()[pri:0, instance:tests.positiveTests.EndToEndShoppingFlowAfterLoginTest@7cbc3762]" started-at="2025-07-13T12:51:05 SELČ" name="selectPaymentMethodAfterLogin" description="Payment method selection" finished-at="2025-07-13T12:51:10 SELČ" duration-ms="5226" status="PASS">
          <reporter-output>
          </reporter-output>
        </test-method> <!-- selectPaymentMethodAfterLogin -->
        <test-method is-config="true" signature="tearDown()[pri:0, instance:tests.positiveTests.EndToEndShoppingFlowAfterLoginTest@7cbc3762]" started-at="2025-07-13T12:51:10 SELČ" name="tearDown" finished-at="2025-07-13T12:51:11 SELČ" duration-ms="598" status="PASS">
          <reporter-output>
          </reporter-output>
        </test-method> <!-- tearDown -->
        <test-method is-config="true" signature="setup()[pri:0, instance:tests.positiveTests.EndToEndShoppingFlowAfterLoginTest@7cbc3762]" started-at="2025-07-13T12:51:11 SELČ" name="setup" finished-at="2025-07-13T12:51:16 SELČ" duration-ms="4930" status="PASS">
          <reporter-output>
          </reporter-output>
        </test-method> <!-- setup -->
        <test-method signature="selectShippingMethodAfterLogin()[pri:0, instance:tests.positiveTests.EndToEndShoppingFlowAfterLoginTest@7cbc3762]" started-at="2025-07-13T12:51:16 SELČ" name="selectShippingMethodAfterLogin" description="Shipping method selection" finished-at="2025-07-13T12:51:21 SELČ" duration-ms="4574" status="PASS">
          <reporter-output>
          </reporter-output>
        </test-method> <!-- selectShippingMethodAfterLogin -->
        <test-method is-config="true" signature="tearDown()[pri:0, instance:tests.positiveTests.EndToEndShoppingFlowAfterLoginTest@7cbc3762]" started-at="2025-07-13T12:51:21 SELČ" name="tearDown" finished-at="2025-07-13T12:51:21 SELČ" duration-ms="611" status="PASS">
          <reporter-output>
          </reporter-output>
        </test-method> <!-- tearDown -->
        <test-method is-config="true" signature="setup()[pri:0, instance:tests.positiveTests.EndToEndShoppingFlowAfterLoginTest@7cbc3762]" started-at="2025-07-13T12:51:21 SELČ" name="setup" finished-at="2025-07-13T12:51:26 SELČ" duration-ms="4896" status="PASS">
          <reporter-output>
          </reporter-output>
        </test-method> <!-- setup -->
        <test-method signature="shouldDisplayCorrectProductDetailsAfterLogin()[pri:0, instance:tests.positiveTests.EndToEndShoppingFlowAfterLoginTest@7cbc3762]" started-at="2025-07-13T12:51:26 SELČ" name="shouldDisplayCorrectProductDetailsAfterLogin" description="Check shopping cart details after login" finished-at="2025-07-13T12:51:28 SELČ" duration-ms="1506" status="PASS">
          <reporter-output>
          </reporter-output>
        </test-method> <!-- shouldDisplayCorrectProductDetailsAfterLogin -->
        <test-method is-config="true" signature="tearDown()[pri:0, instance:tests.positiveTests.EndToEndShoppingFlowAfterLoginTest@7cbc3762]" started-at="2025-07-13T12:51:28 SELČ" name="tearDown" finished-at="2025-07-13T12:51:28 SELČ" duration-ms="591" status="PASS">
          <reporter-output>
          </reporter-output>
        </test-method> <!-- tearDown -->
        <test-method is-config="true" signature="setup()[pri:0, instance:tests.positiveTests.EndToEndShoppingFlowAfterLoginTest@7cbc3762]" started-at="2025-07-13T12:51:28 SELČ" name="setup" finished-at="2025-07-13T12:51:33 SELČ" duration-ms="4858" status="PASS">
          <reporter-output>
          </reporter-output>
        </test-method> <!-- setup -->
        <test-method signature="shouldEstimateShippingAndDisplayCorrectTotalsAfterLogin()[pri:0, instance:tests.positiveTests.EndToEndShoppingFlowAfterLoginTest@7cbc3762]" started-at="2025-07-13T12:51:33 SELČ" name="shouldEstimateShippingAndDisplayCorrectTotalsAfterLogin" description="Estimate shipping and check totals after login" finished-at="2025-07-13T12:51:36 SELČ" duration-ms="2814" status="PASS">
          <reporter-output>
          </reporter-output>
        </test-method> <!-- shouldEstimateShippingAndDisplayCorrectTotalsAfterLogin -->
        <test-method is-config="true" signature="tearDown()[pri:0, instance:tests.positiveTests.EndToEndShoppingFlowAfterLoginTest@7cbc3762]" started-at="2025-07-13T12:51:36 SELČ" name="tearDown" finished-at="2025-07-13T12:51:37 SELČ" duration-ms="625" status="PASS">
          <reporter-output>
          </reporter-output>
        </test-method> <!-- tearDown -->
        <test-method is-config="true" signature="setup()[pri:0, instance:tests.positiveTests.EndToEndShoppingFlowAfterLoginTest@7cbc3762]" started-at="2025-07-13T12:51:37 SELČ" name="setup" finished-at="2025-07-13T12:51:41 SELČ" duration-ms="4833" status="PASS">
          <reporter-output>
          </reporter-output>
        </test-method> <!-- setup -->
        <test-method signature="shouldVerifyPrefilledBillingFieldsAfterLogin()[pri:0, instance:tests.positiveTests.EndToEndShoppingFlowAfterLoginTest@7cbc3762]" started-at="2025-07-13T12:51:41 SELČ" name="shouldVerifyPrefilledBillingFieldsAfterLogin" description="Billing information" finished-at="2025-07-13T12:51:45 SELČ" duration-ms="3426" status="PASS">
          <reporter-output>
          </reporter-output>
        </test-method> <!-- shouldVerifyPrefilledBillingFieldsAfterLogin -->
        <test-method is-config="true" signature="tearDown()[pri:0, instance:tests.positiveTests.EndToEndShoppingFlowAfterLoginTest@7cbc3762]" started-at="2025-07-13T12:51:45 SELČ" name="tearDown" finished-at="2025-07-13T12:51:45 SELČ" duration-ms="575" status="PASS">
          <reporter-output>
          </reporter-output>
        </test-method> <!-- tearDown -->
        <test-method is-config="true" signature="setup()[pri:0, instance:tests.positiveTests.EndToEndShoppingFlowAfterLoginTest@7cbc3762]" started-at="2025-07-13T12:51:45 SELČ" name="setup" finished-at="2025-07-13T12:51:50 SELČ" duration-ms="4898" status="PASS">
          <reporter-output>
          </reporter-output>
        </test-method> <!-- setup -->
        <test-method signature="testSubmitOrderAndCheckoutUrl()[pri:0, instance:tests.positiveTests.EndToEndShoppingFlowAfterLoginTest@7cbc3762]" started-at="2025-07-13T12:51:50 SELČ" name="testSubmitOrderAndCheckoutUrl" description="Submit order and check checkout URL" finished-at="2025-07-13T12:51:53 SELČ" duration-ms="2715" status="PASS">
          <reporter-output>
          </reporter-output>
        </test-method> <!-- testSubmitOrderAndCheckoutUrl -->
        <test-method is-config="true" signature="tearDown()[pri:0, instance:tests.positiveTests.EndToEndShoppingFlowAfterLoginTest@7cbc3762]" started-at="2025-07-13T12:51:53 SELČ" name="tearDown" finished-at="2025-07-13T12:51:54 SELČ" duration-ms="700" status="PASS">
          <reporter-output>
          </reporter-output>
        </test-method> <!-- tearDown -->
        <test-method is-config="true" signature="setup()[pri:0, instance:tests.positiveTests.EndToEndShoppingFlowAfterLoginTest@7cbc3762]" started-at="2025-07-13T12:51:54 SELČ" name="setup" finished-at="2025-07-13T12:51:59 SELČ" duration-ms="4968" status="PASS">
          <reporter-output>
          </reporter-output>
        </test-method> <!-- setup -->
        <test-method signature="verifyOrderCompletionAfterLogin()[pri:0, instance:tests.positiveTests.EndToEndShoppingFlowAfterLoginTest@7cbc3762]" started-at="2025-07-13T12:51:59 SELČ" name="verifyOrderCompletionAfterLogin" description="Order completion" finished-at="2025-07-13T12:52:15 SELČ" duration-ms="16833" status="PASS">
          <reporter-output>
          </reporter-output>
        </test-method> <!-- verifyOrderCompletionAfterLogin -->
        <test-method is-config="true" signature="tearDown()[pri:0, instance:tests.positiveTests.EndToEndShoppingFlowAfterLoginTest@7cbc3762]" started-at="2025-07-13T12:52:15 SELČ" name="tearDown" finished-at="2025-07-13T12:52:16 SELČ" duration-ms="653" status="PASS">
          <reporter-output>
          </reporter-output>
        </test-method> <!-- tearDown -->
        <test-method is-config="true" signature="setup()[pri:0, instance:tests.positiveTests.EndToEndShoppingFlowAfterLoginTest@7cbc3762]" started-at="2025-07-13T12:52:16 SELČ" name="setup" finished-at="2025-07-13T12:52:41 SELČ" duration-ms="24534" status="PASS">
          <reporter-output>
          </reporter-output>
        </test-method> <!-- setup -->
        <test-method signature="verifyPaymentInformationAfterLogin()[pri:0, instance:tests.positiveTests.EndToEndShoppingFlowAfterLoginTest@7cbc3762]" started-at="2025-07-13T12:52:41 SELČ" name="verifyPaymentInformationAfterLogin" description="Payment information verification" finished-at="2025-07-13T12:52:47 SELČ" duration-ms="6016" status="PASS">
          <reporter-output>
          </reporter-output>
        </test-method> <!-- verifyPaymentInformationAfterLogin -->
        <test-method is-config="true" signature="tearDown()[pri:0, instance:tests.positiveTests.EndToEndShoppingFlowAfterLoginTest@7cbc3762]" started-at="2025-07-13T12:52:47 SELČ" name="tearDown" finished-at="2025-07-13T12:52:47 SELČ" duration-ms="596" status="PASS">
          <reporter-output>
          </reporter-output>
        </test-method> <!-- tearDown -->
        <test-method is-config="true" signature="setup()[pri:0, instance:tests.positiveTests.EndToEndShoppingFlowAfterLoginTest@7cbc3762]" started-at="2025-07-13T12:52:47 SELČ" name="setup" finished-at="2025-07-13T12:52:53 SELČ" duration-ms="5930" status="PASS">
          <reporter-output>
          </reporter-output>
        </test-method> <!-- setup -->
        <test-method signature="verifyPrefilledShippingInformationAfterLogin()[pri:0, instance:tests.positiveTests.EndToEndShoppingFlowAfterLoginTest@7cbc3762]" started-at="2025-07-13T12:52:53 SELČ" name="verifyPrefilledShippingInformationAfterLogin" description="Shipping information" finished-at="2025-07-13T12:52:57 SELČ" duration-ms="4255" status="PASS">
          <reporter-output>
          </reporter-output>
        </test-method> <!-- verifyPrefilledShippingInformationAfterLogin -->
        <test-method is-config="true" signature="tearDown()[pri:0, instance:tests.positiveTests.EndToEndShoppingFlowAfterLoginTest@7cbc3762]" started-at="2025-07-13T12:52:57 SELČ" name="tearDown" finished-at="2025-07-13T12:52:58 SELČ" duration-ms="632" status="PASS">
          <reporter-output>
          </reporter-output>
        </test-method> <!-- tearDown -->
      </class> <!-- tests.positiveTests.EndToEndShoppingFlowAfterLoginTest -->
      <class name="tests.positiveTests.EndToEndShoppingFlowAfterRegistrationTest">
        <test-method is-config="true" signature="setup()[pri:0, instance:tests.positiveTests.EndToEndShoppingFlowAfterRegistrationTest@13518f37]" started-at="2025-07-13T12:48:29 SELČ" name="setup" finished-at="2025-07-13T12:48:34 SELČ" duration-ms="5092" status="PASS">
          <reporter-output>
          </reporter-output>
        </test-method> <!-- setup -->
        <test-method signature="checkConfirmOrderDetailsAfterRegistration()[pri:0, instance:tests.positiveTests.EndToEndShoppingFlowAfterRegistrationTest@13518f37]" started-at="2025-07-13T12:48:34 SELČ" name="checkConfirmOrderDetailsAfterRegistration" description="Confirm order details content" finished-at="2025-07-13T12:48:52 SELČ" duration-ms="17410" status="PASS">
          <reporter-output>
          </reporter-output>
        </test-method> <!-- checkConfirmOrderDetailsAfterRegistration -->
        <test-method is-config="true" signature="tearDown()[pri:0, instance:tests.positiveTests.EndToEndShoppingFlowAfterRegistrationTest@13518f37]" started-at="2025-07-13T12:48:52 SELČ" name="tearDown" finished-at="2025-07-13T12:48:52 SELČ" duration-ms="702" status="PASS">
          <reporter-output>
          </reporter-output>
        </test-method> <!-- tearDown -->
        <test-method is-config="true" signature="setup()[pri:0, instance:tests.positiveTests.EndToEndShoppingFlowAfterRegistrationTest@13518f37]" started-at="2025-07-13T12:48:53 SELČ" name="setup" finished-at="2025-07-13T12:48:58 SELČ" duration-ms="5408" status="PASS">
          <reporter-output>
          </reporter-output>
        </test-method> <!-- setup -->
        <test-method signature="selectPaymentMethodAfterRegistration()[pri:0, instance:tests.positiveTests.EndToEndShoppingFlowAfterRegistrationTest@13518f37]" started-at="2025-07-13T12:48:58 SELČ" name="selectPaymentMethodAfterRegistration" description="Payment method selection after user registration" finished-at="2025-07-13T12:49:04 SELČ" duration-ms="6148" status="PASS">
          <reporter-output>
          </reporter-output>
        </test-method> <!-- selectPaymentMethodAfterRegistration -->
        <test-method is-config="true" signature="tearDown()[pri:0, instance:tests.positiveTests.EndToEndShoppingFlowAfterRegistrationTest@13518f37]" started-at="2025-07-13T12:49:04 SELČ" name="tearDown" finished-at="2025-07-13T12:49:05 SELČ" duration-ms="619" status="PASS">
          <reporter-output>
          </reporter-output>
        </test-method> <!-- tearDown -->
        <test-method is-config="true" signature="setup()[pri:0, instance:tests.positiveTests.EndToEndShoppingFlowAfterRegistrationTest@13518f37]" started-at="2025-07-13T12:49:05 SELČ" name="setup" finished-at="2025-07-13T12:49:10 SELČ" duration-ms="4895" status="PASS">
          <reporter-output>
          </reporter-output>
        </test-method> <!-- setup -->
        <test-method signature="selectShippingMethodAfterRegistration()[pri:0, instance:tests.positiveTests.EndToEndShoppingFlowAfterRegistrationTest@13518f37]" started-at="2025-07-13T12:49:10 SELČ" name="selectShippingMethodAfterRegistration" description="User selects shipping method" finished-at="2025-07-13T12:49:15 SELČ" duration-ms="5333" status="PASS">
          <reporter-output>
          </reporter-output>
        </test-method> <!-- selectShippingMethodAfterRegistration -->
        <test-method is-config="true" signature="tearDown()[pri:0, instance:tests.positiveTests.EndToEndShoppingFlowAfterRegistrationTest@13518f37]" started-at="2025-07-13T12:49:15 SELČ" name="tearDown" finished-at="2025-07-13T12:49:16 SELČ" duration-ms="638" status="PASS">
          <reporter-output>
          </reporter-output>
        </test-method> <!-- tearDown -->
        <test-method is-config="true" signature="setup()[pri:0, instance:tests.positiveTests.EndToEndShoppingFlowAfterRegistrationTest@13518f37]" started-at="2025-07-13T12:49:16 SELČ" name="setup" finished-at="2025-07-13T12:49:20 SELČ" duration-ms="4737" status="PASS">
          <reporter-output>
          </reporter-output>
        </test-method> <!-- setup -->
        <test-method signature="shouldDisplayCorrectProductDetailsAfterRegistration()[pri:0, instance:tests.positiveTests.EndToEndShoppingFlowAfterRegistrationTest@13518f37]" started-at="2025-07-13T12:49:20 SELČ" name="shouldDisplayCorrectProductDetailsAfterRegistration" description="Check shopping cart details after user registration" finished-at="2025-07-13T12:49:22 SELČ" duration-ms="1518" status="PASS">
          <reporter-output>
          </reporter-output>
        </test-method> <!-- shouldDisplayCorrectProductDetailsAfterRegistration -->
        <test-method is-config="true" signature="tearDown()[pri:0, instance:tests.positiveTests.EndToEndShoppingFlowAfterRegistrationTest@13518f37]" started-at="2025-07-13T12:49:22 SELČ" name="tearDown" finished-at="2025-07-13T12:49:22 SELČ" duration-ms="589" status="PASS">
          <reporter-output>
          </reporter-output>
        </test-method> <!-- tearDown -->
        <test-method is-config="true" signature="setup()[pri:0, instance:tests.positiveTests.EndToEndShoppingFlowAfterRegistrationTest@13518f37]" started-at="2025-07-13T12:49:22 SELČ" name="setup" finished-at="2025-07-13T12:49:27 SELČ" duration-ms="4751" status="PASS">
          <reporter-output>
          </reporter-output>
        </test-method> <!-- setup -->
        <test-method signature="shouldEstimateShippingAndDisplayCorrectTotalsAfterRegistration()[pri:0, instance:tests.positiveTests.EndToEndShoppingFlowAfterRegistrationTest@13518f37]" started-at="2025-07-13T12:49:27 SELČ" name="shouldEstimateShippingAndDisplayCorrectTotalsAfterRegistration" description="Estimate shipping and check totals after user registration" finished-at="2025-07-13T12:49:31 SELČ" duration-ms="3544" status="PASS">
          <reporter-output>
          </reporter-output>
        </test-method> <!-- shouldEstimateShippingAndDisplayCorrectTotalsAfterRegistration -->
        <test-method is-config="true" signature="tearDown()[pri:0, instance:tests.positiveTests.EndToEndShoppingFlowAfterRegistrationTest@13518f37]" started-at="2025-07-13T12:49:31 SELČ" name="tearDown" finished-at="2025-07-13T12:49:31 SELČ" duration-ms="610" status="PASS">
          <reporter-output>
          </reporter-output>
        </test-method> <!-- tearDown -->
        <test-method is-config="true" signature="setup()[pri:0, instance:tests.positiveTests.EndToEndShoppingFlowAfterRegistrationTest@13518f37]" started-at="2025-07-13T12:49:31 SELČ" name="setup" finished-at="2025-07-13T12:49:36 SELČ" duration-ms="4826" status="PASS">
          <reporter-output>
          </reporter-output>
        </test-method> <!-- setup -->
        <test-method signature="shouldVerifyPrefilledBillingFieldsAndEnterRemainingInformationAfterRegistration()[pri:0, instance:tests.positiveTests.EndToEndShoppingFlowAfterRegistrationTest@13518f37]" started-at="2025-07-13T12:49:36 SELČ" name="shouldVerifyPrefilledBillingFieldsAndEnterRemainingInformationAfterRegistration" description="Billing information after user registration" finished-at="2025-07-13T12:49:41 SELČ" duration-ms="4684" status="PASS">
          <reporter-output>
          </reporter-output>
        </test-method> <!-- shouldVerifyPrefilledBillingFieldsAndEnterRemainingInformationAfterRegistration -->
        <test-method is-config="true" signature="tearDown()[pri:0, instance:tests.positiveTests.EndToEndShoppingFlowAfterRegistrationTest@13518f37]" started-at="2025-07-13T12:49:41 SELČ" name="tearDown" finished-at="2025-07-13T12:49:41 SELČ" duration-ms="617" status="PASS">
          <reporter-output>
          </reporter-output>
        </test-method> <!-- tearDown -->
        <test-method is-config="true" signature="setup()[pri:0, instance:tests.positiveTests.EndToEndShoppingFlowAfterRegistrationTest@13518f37]" started-at="2025-07-13T12:49:41 SELČ" name="setup" finished-at="2025-07-13T12:49:46 SELČ" duration-ms="4691" status="PASS">
          <reporter-output>
          </reporter-output>
        </test-method> <!-- setup -->
        <test-method signature="verifyOrderCompletionAfterRegistration()[pri:0, instance:tests.positiveTests.EndToEndShoppingFlowAfterRegistrationTest@13518f37]" started-at="2025-07-13T12:49:46 SELČ" name="verifyOrderCompletionAfterRegistration" description="Order completion after user registration" finished-at="2025-07-13T12:50:04 SELČ" duration-ms="17452" status="PASS">
          <reporter-output>
          </reporter-output>
        </test-method> <!-- verifyOrderCompletionAfterRegistration -->
        <test-method is-config="true" signature="tearDown()[pri:0, instance:tests.positiveTests.EndToEndShoppingFlowAfterRegistrationTest@13518f37]" started-at="2025-07-13T12:50:04 SELČ" name="tearDown" finished-at="2025-07-13T12:50:04 SELČ" duration-ms="739" status="PASS">
          <reporter-output>
          </reporter-output>
        </test-method> <!-- tearDown -->
        <test-method is-config="true" signature="setup()[pri:0, instance:tests.positiveTests.EndToEndShoppingFlowAfterRegistrationTest@13518f37]" started-at="2025-07-13T12:50:04 SELČ" name="setup" finished-at="2025-07-13T12:50:09 SELČ" duration-ms="4765" status="PASS">
          <reporter-output>
          </reporter-output>
        </test-method> <!-- setup -->
        <test-method signature="verifyPaymentInformationAfterRegistration()[pri:0, instance:tests.positiveTests.EndToEndShoppingFlowAfterRegistrationTest@13518f37]" started-at="2025-07-13T12:50:09 SELČ" name="verifyPaymentInformationAfterRegistration" description="Verify payment info content" finished-at="2025-07-13T12:50:15 SELČ" duration-ms="6250" status="PASS">
          <reporter-output>
          </reporter-output>
        </test-method> <!-- verifyPaymentInformationAfterRegistration -->
        <test-method is-config="true" signature="tearDown()[pri:0, instance:tests.positiveTests.EndToEndShoppingFlowAfterRegistrationTest@13518f37]" started-at="2025-07-13T12:50:15 SELČ" name="tearDown" finished-at="2025-07-13T12:50:16 SELČ" duration-ms="686" status="PASS">
          <reporter-output>
          </reporter-output>
        </test-method> <!-- tearDown -->
        <test-method is-config="true" signature="setup()[pri:0, instance:tests.positiveTests.EndToEndShoppingFlowAfterRegistrationTest@13518f37]" started-at="2025-07-13T12:50:16 SELČ" name="setup" finished-at="2025-07-13T12:50:21 SELČ" duration-ms="5069" status="PASS">
          <reporter-output>
          </reporter-output>
        </test-method> <!-- setup -->
        <test-method signature="verifyPrefilledShippingInformationAfterRegistration()[pri:0, instance:tests.positiveTests.EndToEndShoppingFlowAfterRegistrationTest@13518f37]" started-at="2025-07-13T12:50:21 SELČ" name="verifyPrefilledShippingInformationAfterRegistration" description="Shipping information after user registration" finished-at="2025-07-13T12:50:26 SELČ" duration-ms="5053" status="PASS">
          <reporter-output>
          </reporter-output>
        </test-method> <!-- verifyPrefilledShippingInformationAfterRegistration -->
        <test-method is-config="true" signature="tearDown()[pri:0, instance:tests.positiveTests.EndToEndShoppingFlowAfterRegistrationTest@13518f37]" started-at="2025-07-13T12:50:26 SELČ" name="tearDown" finished-at="2025-07-13T12:50:27 SELČ" duration-ms="649" status="PASS">
          <reporter-output>
          </reporter-output>
        </test-method> <!-- tearDown -->
      </class> <!-- tests.positiveTests.EndToEndShoppingFlowAfterRegistrationTest -->
      <class name="tests.negativeTests.RegisterInvalidTests">
        <test-method is-config="true" signature="setup()[pri:0, instance:tests.negativeTests.RegisterInvalidTests@70ab2d48]" started-at="2025-07-13T12:42:49 SELČ" name="setup" finished-at="2025-07-13T12:42:52 SELČ" duration-ms="2516" status="PASS">
          <reporter-output>
          </reporter-output>
        </test-method> <!-- setup -->
        <test-method retried="true" signature="registerWithEmptyConfirmPasswordField()[pri:0, instance:tests.negativeTests.RegisterInvalidTests@70ab2d48]" started-at="2025-07-13T12:42:52 SELČ" name="registerWithEmptyConfirmPasswordField" description="Registration with empty confirmpassword field" finished-at="2025-07-13T12:43:23 SELČ" duration-ms="31231" status="SKIP">
          <exception class="org.openqa.selenium.TimeoutException">
            <message>
              <![CDATA[Expected condition failed: waiting for visibility of Proxy element for: DefaultElementLocator 'By.cssSelector: span[data-valmsg-for='ConfirmPassword'] > span' (tried for 10 second(s) with 500 milliseconds interval)]]>
            </message>
            <full-stacktrace>
              <![CDATA[org.openqa.selenium.TimeoutException: Expected condition failed: waiting for visibility of Proxy element for: DefaultElementLocator 'By.cssSelector: span[data-valmsg-for='ConfirmPassword'] > span' (tried for 10 second(s) with 500 milliseconds interval)
at org.openqa.selenium.support.ui.WebDriverWait.timeoutException(WebDriverWait.java:84)
at org.openqa.selenium.support.ui.FluentWait.until(FluentWait.java:228)
at demowebshop.base.BasePage.waitForElementToBeVisible(BasePage.java:63)
at pages.RegisterPage.getConfirmPasswordWarningMessageText(RegisterPage.java:184)
at tests.negativeTests.RegisterInvalidTests.registerWithEmptyConfirmPasswordField(RegisterInvalidTests.java:188)
at java.base/jdk.internal.reflect.DirectMethodHandleAccessor.invoke(DirectMethodHandleAccessor.java:103)
at java.base/java.lang.reflect.Method.invoke(Method.java:580)
at org.testng.internal.invokers.MethodInvocationHelper.invokeMethod(MethodInvocationHelper.java:141)
at org.testng.internal.invokers.TestInvoker.invokeMethod(TestInvoker.java:687)
at org.testng.internal.invokers.TestInvoker.invokeTestMethod(TestInvoker.java:230)
at org.testng.internal.invokers.MethodRunner.runInSequence(MethodRunner.java:63)
at org.testng.internal.invokers.TestInvoker$MethodInvocationAgent.invoke(TestInvoker.java:995)
at org.testng.internal.invokers.TestInvoker.invokeTestMethods(TestInvoker.java:203)
at org.testng.internal.invokers.TestMethodWorker.invokeTestMethods(TestMethodWorker.java:154)
at org.testng.internal.invokers.TestMethodWorker.run(TestMethodWorker.java:134)
at java.base/java.util.ArrayList.forEach(ArrayList.java:1597)
at org.testng.TestRunner.privateRun(TestRunner.java:741)
at org.testng.TestRunner.run(TestRunner.java:616)
at org.testng.SuiteRunner.runTest(SuiteRunner.java:421)
at org.testng.SuiteRunner.runSequentially(SuiteRunner.java:413)
at org.testng.SuiteRunner.privateRun(SuiteRunner.java:373)
at org.testng.SuiteRunner.run(SuiteRunner.java:312)
at org.testng.SuiteRunnerWorker.runSuite(SuiteRunnerWorker.java:52)
at org.testng.SuiteRunnerWorker.run(SuiteRunnerWorker.java:95)
at org.testng.TestNG.runSuitesSequentially(TestNG.java:1274)
at org.testng.TestNG.runSuitesLocally(TestNG.java:1208)
at org.testng.TestNG.runSuites(TestNG.java:1112)
at org.testng.TestNG.run(TestNG.java:1079)
at org.testng.remote.AbstractRemoteTestNG.run(AbstractRemoteTestNG.java:115)
at org.testng.remote.RemoteTestNG.initAndRun(RemoteTestNG.java:293)
at org.testng.remote.RemoteTestNG.main(RemoteTestNG.java:91)
Caused by: org.openqa.selenium.NoSuchElementException: no such element: Unable to locate element: {"method":"css selector","selector":"span[data-valmsg-for='ConfirmPassword'] > span"}
  (Session info: chrome=138.0.7204.101)
For documentation on this error, please visit: https://www.selenium.dev/documentation/webdriver/troubleshooting/errors#no-such-element-exception
Build info: version: '4.34.0', revision: '707dcb4246*'
System info: os.name: 'Windows 11', os.arch: 'amd64', os.version: '10.0', java.version: '23.0.1'
Driver info: org.openqa.selenium.chrome.ChromeDriver
Command: [8b2894f44df4502e8b2b95281c3d6dbf, findElement {using=css selector, value=span[data-valmsg-for='ConfirmPassword'] > span}]
Capabilities {acceptInsecureCerts: false, browserName: chrome, browserVersion: 138.0.7204.101, chrome: {chromedriverVersion: 138.0.7204.94 (545025748884..., userDataDir: C:\Users\Veronika\AppData\L...}, fedcm:accounts: true, goog:chromeOptions: {debuggerAddress: localhost:49991}, networkConnectionEnabled: false, pageLoadStrategy: normal, platformName: windows, proxy: Proxy(), se:cdp: ws://localhost:49991/devtoo..., se:cdpVersion: 138.0.7204.101, setWindowRect: true, strictFileInteractability: false, timeouts: {implicit: 0, pageLoad: 300000, script: 30000}, unhandledPromptBehavior: dismiss and notify, webauthn:extension:credBlob: true, webauthn:extension:largeBlob: true, webauthn:extension:minPinLength: true, webauthn:extension:prf: true, webauthn:virtualAuthenticators: true}
Session ID: 8b2894f44df4502e8b2b95281c3d6dbf
at java.base/jdk.internal.reflect.DirectConstructorHandleAccessor.newInstance(DirectConstructorHandleAccessor.java:62)
at java.base/java.lang.reflect.Constructor.newInstanceWithCaller(Constructor.java:501)
at java.base/java.lang.reflect.Constructor.newInstance(Constructor.java:485)
at org.openqa.selenium.remote.ErrorCodec.decode(ErrorCodec.java:167)
at org.openqa.selenium.remote.codec.w3c.W3CHttpResponseCodec.decode(W3CHttpResponseCodec.java:138)
at org.openqa.selenium.remote.codec.w3c.W3CHttpResponseCodec.decode(W3CHttpResponseCodec.java:50)
at org.openqa.selenium.remote.HttpCommandExecutor.execute(HttpCommandExecutor.java:215)
at org.openqa.selenium.remote.service.DriverCommandExecutor.invokeExecute(DriverCommandExecutor.java:216)
at org.openqa.selenium.remote.service.DriverCommandExecutor.execute(DriverCommandExecutor.java:174)
at org.openqa.selenium.remote.RemoteWebDriver.execute(RemoteWebDriver.java:544)
at org.openqa.selenium.remote.ElementLocation$ElementFinder$2.findElement(ElementLocation.java:165)
at org.openqa.selenium.remote.ElementLocation.findElement(ElementLocation.java:59)
at org.openqa.selenium.remote.RemoteWebDriver.findElement(RemoteWebDriver.java:367)
at org.openqa.selenium.remote.RemoteWebDriver.findElement(RemoteWebDriver.java:361)
at org.openqa.selenium.support.pagefactory.DefaultElementLocator.findElement(DefaultElementLocator.java:68)
at org.openqa.selenium.support.pagefactory.internal.LocatingElementHandler.invoke(LocatingElementHandler.java:38)
at jdk.proxy2/jdk.proxy2.$Proxy28.isDisplayed(Unknown Source)
at org.openqa.selenium.support.ui.ExpectedConditions.elementIfVisible(ExpectedConditions.java:304)
at org.openqa.selenium.support.ui.ExpectedConditions$10.apply(ExpectedConditions.java:290)
at org.openqa.selenium.support.ui.ExpectedConditions$10.apply(ExpectedConditions.java:287)
at org.openqa.selenium.support.ui.FluentWait.until(FluentWait.java:203)
... 29 more
]]>
            </full-stacktrace>
          </exception> <!-- org.openqa.selenium.TimeoutException -->
          <reporter-output>
          </reporter-output>
        </test-method> <!-- registerWithEmptyConfirmPasswordField -->
        <test-method is-config="true" signature="setup()[pri:0, instance:tests.negativeTests.RegisterInvalidTests@70ab2d48]" started-at="2025-07-13T12:43:23 SELČ" name="setup" finished-at="2025-07-13T12:43:25 SELČ" duration-ms="2339" status="PASS">
          <reporter-output>
          </reporter-output>
        </test-method> <!-- setup -->
        <test-method retried="true" signature="registerWithEmptyConfirmPasswordField()[pri:0, instance:tests.negativeTests.RegisterInvalidTests@70ab2d48]" started-at="2025-07-13T12:43:25 SELČ" name="registerWithEmptyConfirmPasswordField" description="Registration with empty confirmpassword field" finished-at="2025-07-13T12:43:57 SELČ" duration-ms="31407" status="SKIP">
          <exception class="org.openqa.selenium.TimeoutException">
            <message>
              <![CDATA[Expected condition failed: waiting for visibility of Proxy element for: DefaultElementLocator 'By.cssSelector: span[data-valmsg-for='ConfirmPassword'] > span' (tried for 10 second(s) with 500 milliseconds interval)]]>
            </message>
            <full-stacktrace>
              <![CDATA[org.openqa.selenium.TimeoutException: Expected condition failed: waiting for visibility of Proxy element for: DefaultElementLocator 'By.cssSelector: span[data-valmsg-for='ConfirmPassword'] > span' (tried for 10 second(s) with 500 milliseconds interval)
at org.openqa.selenium.support.ui.WebDriverWait.timeoutException(WebDriverWait.java:84)
at org.openqa.selenium.support.ui.FluentWait.until(FluentWait.java:228)
at demowebshop.base.BasePage.waitForElementToBeVisible(BasePage.java:63)
at pages.RegisterPage.getConfirmPasswordWarningMessageText(RegisterPage.java:184)
at tests.negativeTests.RegisterInvalidTests.registerWithEmptyConfirmPasswordField(RegisterInvalidTests.java:188)
at java.base/jdk.internal.reflect.DirectMethodHandleAccessor.invoke(DirectMethodHandleAccessor.java:103)
at java.base/java.lang.reflect.Method.invoke(Method.java:580)
at org.testng.internal.invokers.MethodInvocationHelper.invokeMethod(MethodInvocationHelper.java:141)
at org.testng.internal.invokers.TestInvoker.invokeMethod(TestInvoker.java:687)
at org.testng.internal.invokers.TestInvoker.retryFailed(TestInvoker.java:269)
at org.testng.internal.invokers.MethodRunner.runInSequence(MethodRunner.java:76)
at org.testng.internal.invokers.TestInvoker$MethodInvocationAgent.invoke(TestInvoker.java:995)
at org.testng.internal.invokers.TestInvoker.invokeTestMethods(TestInvoker.java:203)
at org.testng.internal.invokers.TestMethodWorker.invokeTestMethods(TestMethodWorker.java:154)
at org.testng.internal.invokers.TestMethodWorker.run(TestMethodWorker.java:134)
at java.base/java.util.ArrayList.forEach(ArrayList.java:1597)
at org.testng.TestRunner.privateRun(TestRunner.java:741)
at org.testng.TestRunner.run(TestRunner.java:616)
at org.testng.SuiteRunner.runTest(SuiteRunner.java:421)
at org.testng.SuiteRunner.runSequentially(SuiteRunner.java:413)
at org.testng.SuiteRunner.privateRun(SuiteRunner.java:373)
at org.testng.SuiteRunner.run(SuiteRunner.java:312)
at org.testng.SuiteRunnerWorker.runSuite(SuiteRunnerWorker.java:52)
at org.testng.SuiteRunnerWorker.run(SuiteRunnerWorker.java:95)
at org.testng.TestNG.runSuitesSequentially(TestNG.java:1274)
at org.testng.TestNG.runSuitesLocally(TestNG.java:1208)
at org.testng.TestNG.runSuites(TestNG.java:1112)
at org.testng.TestNG.run(TestNG.java:1079)
at org.testng.remote.AbstractRemoteTestNG.run(AbstractRemoteTestNG.java:115)
at org.testng.remote.RemoteTestNG.initAndRun(RemoteTestNG.java:293)
at org.testng.remote.RemoteTestNG.main(RemoteTestNG.java:91)
Caused by: org.openqa.selenium.NoSuchElementException: no such element: Unable to locate element: {"method":"css selector","selector":"span[data-valmsg-for='ConfirmPassword'] > span"}
  (Session info: chrome=138.0.7204.101)
For documentation on this error, please visit: https://www.selenium.dev/documentation/webdriver/troubleshooting/errors#no-such-element-exception
Build info: version: '4.34.0', revision: '707dcb4246*'
System info: os.name: 'Windows 11', os.arch: 'amd64', os.version: '10.0', java.version: '23.0.1'
Driver info: org.openqa.selenium.chrome.ChromeDriver
Command: [34369d3a7e37bbeea5efef9cabc5136d, findElement {using=css selector, value=span[data-valmsg-for='ConfirmPassword'] > span}]
Capabilities {acceptInsecureCerts: false, browserName: chrome, browserVersion: 138.0.7204.101, chrome: {chromedriverVersion: 138.0.7204.94 (545025748884..., userDataDir: C:\Users\Veronika\AppData\L...}, fedcm:accounts: true, goog:chromeOptions: {debuggerAddress: localhost:50083}, networkConnectionEnabled: false, pageLoadStrategy: normal, platformName: windows, proxy: Proxy(), se:cdp: ws://localhost:50083/devtoo..., se:cdpVersion: 138.0.7204.101, setWindowRect: true, strictFileInteractability: false, timeouts: {implicit: 0, pageLoad: 300000, script: 30000}, unhandledPromptBehavior: dismiss and notify, webauthn:extension:credBlob: true, webauthn:extension:largeBlob: true, webauthn:extension:minPinLength: true, webauthn:extension:prf: true, webauthn:virtualAuthenticators: true}
Session ID: 34369d3a7e37bbeea5efef9cabc5136d
at java.base/jdk.internal.reflect.DirectConstructorHandleAccessor.newInstance(DirectConstructorHandleAccessor.java:62)
at java.base/java.lang.reflect.Constructor.newInstanceWithCaller(Constructor.java:501)
at java.base/java.lang.reflect.Constructor.newInstance(Constructor.java:485)
at org.openqa.selenium.remote.ErrorCodec.decode(ErrorCodec.java:167)
at org.openqa.selenium.remote.codec.w3c.W3CHttpResponseCodec.decode(W3CHttpResponseCodec.java:138)
at org.openqa.selenium.remote.codec.w3c.W3CHttpResponseCodec.decode(W3CHttpResponseCodec.java:50)
at org.openqa.selenium.remote.HttpCommandExecutor.execute(HttpCommandExecutor.java:215)
at org.openqa.selenium.remote.service.DriverCommandExecutor.invokeExecute(DriverCommandExecutor.java:216)
at org.openqa.selenium.remote.service.DriverCommandExecutor.execute(DriverCommandExecutor.java:174)
at org.openqa.selenium.remote.RemoteWebDriver.execute(RemoteWebDriver.java:544)
at org.openqa.selenium.remote.ElementLocation$ElementFinder$2.findElement(ElementLocation.java:165)
at org.openqa.selenium.remote.ElementLocation.findElement(ElementLocation.java:59)
at org.openqa.selenium.remote.RemoteWebDriver.findElement(RemoteWebDriver.java:367)
at org.openqa.selenium.remote.RemoteWebDriver.findElement(RemoteWebDriver.java:361)
at org.openqa.selenium.support.pagefactory.DefaultElementLocator.findElement(DefaultElementLocator.java:68)
at org.openqa.selenium.support.pagefactory.internal.LocatingElementHandler.invoke(LocatingElementHandler.java:38)
at jdk.proxy2/jdk.proxy2.$Proxy28.isDisplayed(Unknown Source)
at org.openqa.selenium.support.ui.ExpectedConditions.elementIfVisible(ExpectedConditions.java:304)
at org.openqa.selenium.support.ui.ExpectedConditions$10.apply(ExpectedConditions.java:290)
at org.openqa.selenium.support.ui.ExpectedConditions$10.apply(ExpectedConditions.java:287)
at org.openqa.selenium.support.ui.FluentWait.until(FluentWait.java:203)
... 29 more
]]>
            </full-stacktrace>
          </exception> <!-- org.openqa.selenium.TimeoutException -->
          <reporter-output>
          </reporter-output>
        </test-method> <!-- registerWithEmptyConfirmPasswordField -->
        <test-method is-config="true" signature="setup()[pri:0, instance:tests.negativeTests.RegisterInvalidTests@70ab2d48]" started-at="2025-07-13T12:43:57 SELČ" name="setup" finished-at="2025-07-13T12:43:59 SELČ" duration-ms="2407" status="PASS">
          <reporter-output>
          </reporter-output>
        </test-method> <!-- setup -->
        <test-method retried="true" signature="registerWithEmptyConfirmPasswordField()[pri:0, instance:tests.negativeTests.RegisterInvalidTests@70ab2d48]" started-at="2025-07-13T12:43:59 SELČ" name="registerWithEmptyConfirmPasswordField" description="Registration with empty confirmpassword field" finished-at="2025-07-13T12:44:30 SELČ" duration-ms="31320" status="SKIP">
          <exception class="org.openqa.selenium.TimeoutException">
            <message>
              <![CDATA[Expected condition failed: waiting for visibility of Proxy element for: DefaultElementLocator 'By.cssSelector: span[data-valmsg-for='ConfirmPassword'] > span' (tried for 10 second(s) with 500 milliseconds interval)]]>
            </message>
            <full-stacktrace>
              <![CDATA[org.openqa.selenium.TimeoutException: Expected condition failed: waiting for visibility of Proxy element for: DefaultElementLocator 'By.cssSelector: span[data-valmsg-for='ConfirmPassword'] > span' (tried for 10 second(s) with 500 milliseconds interval)
at org.openqa.selenium.support.ui.WebDriverWait.timeoutException(WebDriverWait.java:84)
at org.openqa.selenium.support.ui.FluentWait.until(FluentWait.java:228)
at demowebshop.base.BasePage.waitForElementToBeVisible(BasePage.java:63)
at pages.RegisterPage.getConfirmPasswordWarningMessageText(RegisterPage.java:184)
at tests.negativeTests.RegisterInvalidTests.registerWithEmptyConfirmPasswordField(RegisterInvalidTests.java:188)
at java.base/jdk.internal.reflect.DirectMethodHandleAccessor.invoke(DirectMethodHandleAccessor.java:103)
at java.base/java.lang.reflect.Method.invoke(Method.java:580)
at org.testng.internal.invokers.MethodInvocationHelper.invokeMethod(MethodInvocationHelper.java:141)
at org.testng.internal.invokers.TestInvoker.invokeMethod(TestInvoker.java:687)
at org.testng.internal.invokers.TestInvoker.retryFailed(TestInvoker.java:269)
at org.testng.internal.invokers.MethodRunner.runInSequence(MethodRunner.java:76)
at org.testng.internal.invokers.TestInvoker$MethodInvocationAgent.invoke(TestInvoker.java:995)
at org.testng.internal.invokers.TestInvoker.invokeTestMethods(TestInvoker.java:203)
at org.testng.internal.invokers.TestMethodWorker.invokeTestMethods(TestMethodWorker.java:154)
at org.testng.internal.invokers.TestMethodWorker.run(TestMethodWorker.java:134)
at java.base/java.util.ArrayList.forEach(ArrayList.java:1597)
at org.testng.TestRunner.privateRun(TestRunner.java:741)
at org.testng.TestRunner.run(TestRunner.java:616)
at org.testng.SuiteRunner.runTest(SuiteRunner.java:421)
at org.testng.SuiteRunner.runSequentially(SuiteRunner.java:413)
at org.testng.SuiteRunner.privateRun(SuiteRunner.java:373)
at org.testng.SuiteRunner.run(SuiteRunner.java:312)
at org.testng.SuiteRunnerWorker.runSuite(SuiteRunnerWorker.java:52)
at org.testng.SuiteRunnerWorker.run(SuiteRunnerWorker.java:95)
at org.testng.TestNG.runSuitesSequentially(TestNG.java:1274)
at org.testng.TestNG.runSuitesLocally(TestNG.java:1208)
at org.testng.TestNG.runSuites(TestNG.java:1112)
at org.testng.TestNG.run(TestNG.java:1079)
at org.testng.remote.AbstractRemoteTestNG.run(AbstractRemoteTestNG.java:115)
at org.testng.remote.RemoteTestNG.initAndRun(RemoteTestNG.java:293)
at org.testng.remote.RemoteTestNG.main(RemoteTestNG.java:91)
Caused by: org.openqa.selenium.NoSuchElementException: no such element: Unable to locate element: {"method":"css selector","selector":"span[data-valmsg-for='ConfirmPassword'] > span"}
  (Session info: chrome=138.0.7204.101)
For documentation on this error, please visit: https://www.selenium.dev/documentation/webdriver/troubleshooting/errors#no-such-element-exception
Build info: version: '4.34.0', revision: '707dcb4246*'
System info: os.name: 'Windows 11', os.arch: 'amd64', os.version: '10.0', java.version: '23.0.1'
Driver info: org.openqa.selenium.chrome.ChromeDriver
Command: [ddcab711bc8c63a60691e87ac85c6f95, findElement {using=css selector, value=span[data-valmsg-for='ConfirmPassword'] > span}]
Capabilities {acceptInsecureCerts: false, browserName: chrome, browserVersion: 138.0.7204.101, chrome: {chromedriverVersion: 138.0.7204.94 (545025748884..., userDataDir: C:\Users\Veronika\AppData\L...}, fedcm:accounts: true, goog:chromeOptions: {debuggerAddress: localhost:50179}, networkConnectionEnabled: false, pageLoadStrategy: normal, platformName: windows, proxy: Proxy(), se:cdp: ws://localhost:50179/devtoo..., se:cdpVersion: 138.0.7204.101, setWindowRect: true, strictFileInteractability: false, timeouts: {implicit: 0, pageLoad: 300000, script: 30000}, unhandledPromptBehavior: dismiss and notify, webauthn:extension:credBlob: true, webauthn:extension:largeBlob: true, webauthn:extension:minPinLength: true, webauthn:extension:prf: true, webauthn:virtualAuthenticators: true}
Session ID: ddcab711bc8c63a60691e87ac85c6f95
at java.base/jdk.internal.reflect.DirectConstructorHandleAccessor.newInstance(DirectConstructorHandleAccessor.java:62)
at java.base/java.lang.reflect.Constructor.newInstanceWithCaller(Constructor.java:501)
at java.base/java.lang.reflect.Constructor.newInstance(Constructor.java:485)
at org.openqa.selenium.remote.ErrorCodec.decode(ErrorCodec.java:167)
at org.openqa.selenium.remote.codec.w3c.W3CHttpResponseCodec.decode(W3CHttpResponseCodec.java:138)
at org.openqa.selenium.remote.codec.w3c.W3CHttpResponseCodec.decode(W3CHttpResponseCodec.java:50)
at org.openqa.selenium.remote.HttpCommandExecutor.execute(HttpCommandExecutor.java:215)
at org.openqa.selenium.remote.service.DriverCommandExecutor.invokeExecute(DriverCommandExecutor.java:216)
at org.openqa.selenium.remote.service.DriverCommandExecutor.execute(DriverCommandExecutor.java:174)
at org.openqa.selenium.remote.RemoteWebDriver.execute(RemoteWebDriver.java:544)
at org.openqa.selenium.remote.ElementLocation$ElementFinder$2.findElement(ElementLocation.java:165)
at org.openqa.selenium.remote.ElementLocation.findElement(ElementLocation.java:59)
at org.openqa.selenium.remote.RemoteWebDriver.findElement(RemoteWebDriver.java:367)
at org.openqa.selenium.remote.RemoteWebDriver.findElement(RemoteWebDriver.java:361)
at org.openqa.selenium.support.pagefactory.DefaultElementLocator.findElement(DefaultElementLocator.java:68)
at org.openqa.selenium.support.pagefactory.internal.LocatingElementHandler.invoke(LocatingElementHandler.java:38)
at jdk.proxy2/jdk.proxy2.$Proxy28.isDisplayed(Unknown Source)
at org.openqa.selenium.support.ui.ExpectedConditions.elementIfVisible(ExpectedConditions.java:304)
at org.openqa.selenium.support.ui.ExpectedConditions$10.apply(ExpectedConditions.java:290)
at org.openqa.selenium.support.ui.ExpectedConditions$10.apply(ExpectedConditions.java:287)
at org.openqa.selenium.support.ui.FluentWait.until(FluentWait.java:203)
... 29 more
]]>
            </full-stacktrace>
          </exception> <!-- org.openqa.selenium.TimeoutException -->
          <reporter-output>
          </reporter-output>
        </test-method> <!-- registerWithEmptyConfirmPasswordField -->
        <test-method is-config="true" signature="setup()[pri:0, instance:tests.negativeTests.RegisterInvalidTests@70ab2d48]" started-at="2025-07-13T12:44:30 SELČ" name="setup" finished-at="2025-07-13T12:44:32 SELČ" duration-ms="2062" status="PASS">
          <reporter-output>
          </reporter-output>
        </test-method> <!-- setup -->
        <test-method signature="registerWithEmptyConfirmPasswordField()[pri:0, instance:tests.negativeTests.RegisterInvalidTests@70ab2d48]" started-at="2025-07-13T12:44:32 SELČ" name="registerWithEmptyConfirmPasswordField" description="Registration with empty confirmpassword field" finished-at="2025-07-13T12:45:04 SELČ" duration-ms="31260" status="FAIL">
          <exception class="org.openqa.selenium.TimeoutException">
            <message>
              <![CDATA[Expected condition failed: waiting for visibility of Proxy element for: DefaultElementLocator 'By.cssSelector: span[data-valmsg-for='ConfirmPassword'] > span' (tried for 10 second(s) with 500 milliseconds interval)]]>
            </message>
            <full-stacktrace>
              <![CDATA[org.openqa.selenium.TimeoutException: Expected condition failed: waiting for visibility of Proxy element for: DefaultElementLocator 'By.cssSelector: span[data-valmsg-for='ConfirmPassword'] > span' (tried for 10 second(s) with 500 milliseconds interval)
at org.openqa.selenium.support.ui.WebDriverWait.timeoutException(WebDriverWait.java:84)
at org.openqa.selenium.support.ui.FluentWait.until(FluentWait.java:228)
at demowebshop.base.BasePage.waitForElementToBeVisible(BasePage.java:63)
at pages.RegisterPage.getConfirmPasswordWarningMessageText(RegisterPage.java:184)
at tests.negativeTests.RegisterInvalidTests.registerWithEmptyConfirmPasswordField(RegisterInvalidTests.java:188)
at java.base/jdk.internal.reflect.DirectMethodHandleAccessor.invoke(DirectMethodHandleAccessor.java:103)
at java.base/java.lang.reflect.Method.invoke(Method.java:580)
at org.testng.internal.invokers.MethodInvocationHelper.invokeMethod(MethodInvocationHelper.java:141)
at org.testng.internal.invokers.TestInvoker.invokeMethod(TestInvoker.java:687)
at org.testng.internal.invokers.TestInvoker.retryFailed(TestInvoker.java:269)
at org.testng.internal.invokers.MethodRunner.runInSequence(MethodRunner.java:76)
at org.testng.internal.invokers.TestInvoker$MethodInvocationAgent.invoke(TestInvoker.java:995)
at org.testng.internal.invokers.TestInvoker.invokeTestMethods(TestInvoker.java:203)
at org.testng.internal.invokers.TestMethodWorker.invokeTestMethods(TestMethodWorker.java:154)
at org.testng.internal.invokers.TestMethodWorker.run(TestMethodWorker.java:134)
at java.base/java.util.ArrayList.forEach(ArrayList.java:1597)
at org.testng.TestRunner.privateRun(TestRunner.java:741)
at org.testng.TestRunner.run(TestRunner.java:616)
at org.testng.SuiteRunner.runTest(SuiteRunner.java:421)
at org.testng.SuiteRunner.runSequentially(SuiteRunner.java:413)
at org.testng.SuiteRunner.privateRun(SuiteRunner.java:373)
at org.testng.SuiteRunner.run(SuiteRunner.java:312)
at org.testng.SuiteRunnerWorker.runSuite(SuiteRunnerWorker.java:52)
at org.testng.SuiteRunnerWorker.run(SuiteRunnerWorker.java:95)
at org.testng.TestNG.runSuitesSequentially(TestNG.java:1274)
at org.testng.TestNG.runSuitesLocally(TestNG.java:1208)
at org.testng.TestNG.runSuites(TestNG.java:1112)
at org.testng.TestNG.run(TestNG.java:1079)
at org.testng.remote.AbstractRemoteTestNG.run(AbstractRemoteTestNG.java:115)
at org.testng.remote.RemoteTestNG.initAndRun(RemoteTestNG.java:293)
at org.testng.remote.RemoteTestNG.main(RemoteTestNG.java:91)
Caused by: org.openqa.selenium.NoSuchElementException: no such element: Unable to locate element: {"method":"css selector","selector":"span[data-valmsg-for='ConfirmPassword'] > span"}
  (Session info: chrome=138.0.7204.101)
For documentation on this error, please visit: https://www.selenium.dev/documentation/webdriver/troubleshooting/errors#no-such-element-exception
Build info: version: '4.34.0', revision: '707dcb4246*'
System info: os.name: 'Windows 11', os.arch: 'amd64', os.version: '10.0', java.version: '23.0.1'
Driver info: org.openqa.selenium.chrome.ChromeDriver
Command: [9029a39cffb491245cf2964a472f9271, findElement {using=css selector, value=span[data-valmsg-for='ConfirmPassword'] > span}]
Capabilities {acceptInsecureCerts: false, browserName: chrome, browserVersion: 138.0.7204.101, chrome: {chromedriverVersion: 138.0.7204.94 (545025748884..., userDataDir: C:\Users\Veronika\AppData\L...}, fedcm:accounts: true, goog:chromeOptions: {debuggerAddress: localhost:50281}, networkConnectionEnabled: false, pageLoadStrategy: normal, platformName: windows, proxy: Proxy(), se:cdp: ws://localhost:50281/devtoo..., se:cdpVersion: 138.0.7204.101, setWindowRect: true, strictFileInteractability: false, timeouts: {implicit: 0, pageLoad: 300000, script: 30000}, unhandledPromptBehavior: dismiss and notify, webauthn:extension:credBlob: true, webauthn:extension:largeBlob: true, webauthn:extension:minPinLength: true, webauthn:extension:prf: true, webauthn:virtualAuthenticators: true}
Session ID: 9029a39cffb491245cf2964a472f9271
at java.base/jdk.internal.reflect.DirectConstructorHandleAccessor.newInstance(DirectConstructorHandleAccessor.java:62)
at java.base/java.lang.reflect.Constructor.newInstanceWithCaller(Constructor.java:501)
at java.base/java.lang.reflect.Constructor.newInstance(Constructor.java:485)
at org.openqa.selenium.remote.ErrorCodec.decode(ErrorCodec.java:167)
at org.openqa.selenium.remote.codec.w3c.W3CHttpResponseCodec.decode(W3CHttpResponseCodec.java:138)
at org.openqa.selenium.remote.codec.w3c.W3CHttpResponseCodec.decode(W3CHttpResponseCodec.java:50)
at org.openqa.selenium.remote.HttpCommandExecutor.execute(HttpCommandExecutor.java:215)
at org.openqa.selenium.remote.service.DriverCommandExecutor.invokeExecute(DriverCommandExecutor.java:216)
at org.openqa.selenium.remote.service.DriverCommandExecutor.execute(DriverCommandExecutor.java:174)
at org.openqa.selenium.remote.RemoteWebDriver.execute(RemoteWebDriver.java:544)
at org.openqa.selenium.remote.ElementLocation$ElementFinder$2.findElement(ElementLocation.java:165)
at org.openqa.selenium.remote.ElementLocation.findElement(ElementLocation.java:59)
at org.openqa.selenium.remote.RemoteWebDriver.findElement(RemoteWebDriver.java:367)
at org.openqa.selenium.remote.RemoteWebDriver.findElement(RemoteWebDriver.java:361)
at org.openqa.selenium.support.pagefactory.DefaultElementLocator.findElement(DefaultElementLocator.java:68)
at org.openqa.selenium.support.pagefactory.internal.LocatingElementHandler.invoke(LocatingElementHandler.java:38)
at jdk.proxy2/jdk.proxy2.$Proxy28.isDisplayed(Unknown Source)
at org.openqa.selenium.support.ui.ExpectedConditions.elementIfVisible(ExpectedConditions.java:304)
at org.openqa.selenium.support.ui.ExpectedConditions$10.apply(ExpectedConditions.java:290)
at org.openqa.selenium.support.ui.ExpectedConditions$10.apply(ExpectedConditions.java:287)
at org.openqa.selenium.support.ui.FluentWait.until(FluentWait.java:203)
... 29 more
]]>
            </full-stacktrace>
          </exception> <!-- org.openqa.selenium.TimeoutException -->
          <reporter-output>
          </reporter-output>
        </test-method> <!-- registerWithEmptyConfirmPasswordField -->
        <test-method is-config="true" signature="setup()[pri:0, instance:tests.negativeTests.RegisterInvalidTests@70ab2d48]" started-at="2025-07-13T12:45:04 SELČ" name="setup" finished-at="2025-07-13T12:45:06 SELČ" duration-ms="2160" status="PASS">
          <reporter-output>
          </reporter-output>
        </test-method> <!-- setup -->
        <test-method signature="registerWithEmptyCredentials()[pri:0, instance:tests.negativeTests.RegisterInvalidTests@70ab2d48]" started-at="2025-07-13T12:45:06 SELČ" name="registerWithEmptyCredentials" description="Test with empty credentials" finished-at="2025-07-13T12:45:06 SELČ" duration-ms="342" status="PASS">
          <reporter-output>
          </reporter-output>
        </test-method> <!-- registerWithEmptyCredentials -->
        <test-method is-config="true" signature="setup()[pri:0, instance:tests.negativeTests.RegisterInvalidTests@70ab2d48]" started-at="2025-07-13T12:45:06 SELČ" name="setup" finished-at="2025-07-13T12:45:09 SELČ" duration-ms="2346" status="PASS">
          <reporter-output>
          </reporter-output>
        </test-method> <!-- setup -->
        <test-method signature="registerWithEmptyEmailField()[pri:0, instance:tests.negativeTests.RegisterInvalidTests@70ab2d48]" started-at="2025-07-13T12:45:09 SELČ" name="registerWithEmptyEmailField" description="Registration with empty email field" finished-at="2025-07-13T12:45:50 SELČ" duration-ms="40946" status="PASS">
          <reporter-output>
          </reporter-output>
        </test-method> <!-- registerWithEmptyEmailField -->
        <test-method is-config="true" signature="setup()[pri:0, instance:tests.negativeTests.RegisterInvalidTests@70ab2d48]" started-at="2025-07-13T12:45:50 SELČ" name="setup" finished-at="2025-07-13T12:45:52 SELČ" duration-ms="2058" status="PASS">
          <reporter-output>
          </reporter-output>
        </test-method> <!-- setup -->
        <test-method signature="registerWithEmptyFirstNameField()[pri:0, instance:tests.negativeTests.RegisterInvalidTests@70ab2d48]" started-at="2025-07-13T12:45:52 SELČ" name="registerWithEmptyFirstNameField" description="Registration with empty firstname field" finished-at="2025-07-13T12:46:32 SELČ" duration-ms="40786" status="PASS">
          <reporter-output>
          </reporter-output>
        </test-method> <!-- registerWithEmptyFirstNameField -->
        <test-method is-config="true" signature="setup()[pri:0, instance:tests.negativeTests.RegisterInvalidTests@70ab2d48]" started-at="2025-07-13T12:46:32 SELČ" name="setup" finished-at="2025-07-13T12:46:34 SELČ" duration-ms="2109" status="PASS">
          <reporter-output>
          </reporter-output>
        </test-method> <!-- setup -->
        <test-method signature="registerWithEmptyLastNameField()[pri:0, instance:tests.negativeTests.RegisterInvalidTests@70ab2d48]" started-at="2025-07-13T12:46:34 SELČ" name="registerWithEmptyLastNameField" description="Registration with empty lastname field" finished-at="2025-07-13T12:47:15 SELČ" duration-ms="40853" status="PASS">
          <reporter-output>
          </reporter-output>
        </test-method> <!-- registerWithEmptyLastNameField -->
        <test-method is-config="true" signature="setup()[pri:0, instance:tests.negativeTests.RegisterInvalidTests@70ab2d48]" started-at="2025-07-13T12:47:15 SELČ" name="setup" finished-at="2025-07-13T12:47:18 SELČ" duration-ms="2189" status="PASS">
          <reporter-output>
          </reporter-output>
        </test-method> <!-- setup -->
        <test-method signature="registerWithEmptyPasswordField()[pri:0, instance:tests.negativeTests.RegisterInvalidTests@70ab2d48]" started-at="2025-07-13T12:47:18 SELČ" name="registerWithEmptyPasswordField" description="Registration with empty password field" finished-at="2025-07-13T12:47:48 SELČ" duration-ms="30762" status="PASS">
          <reporter-output>
          </reporter-output>
        </test-method> <!-- registerWithEmptyPasswordField -->
      </class> <!-- tests.negativeTests.RegisterInvalidTests -->
      <class name="tests.positiveTests.AddProductToCartAfterLoginTest">
        <test-method is-config="true" signature="setup()[pri:0, instance:tests.positiveTests.AddProductToCartAfterLoginTest@3a393455]" started-at="2025-07-13T12:48:23 SELČ" name="setup" finished-at="2025-07-13T12:48:27 SELČ" duration-ms="3832" status="PASS">
          <reporter-output>
          </reporter-output>
        </test-method> <!-- setup -->
        <test-method signature="addOneProductToCart_ValidProduct()[pri:0, instance:tests.positiveTests.AddProductToCartAfterLoginTest@3a393455]" started-at="2025-07-13T12:48:27 SELČ" name="addOneProductToCart_ValidProduct" description="Add one valid product with id 13 to cart after login" finished-at="2025-07-13T12:48:28 SELČ" duration-ms="1136" status="PASS">
          <reporter-output>
          </reporter-output>
        </test-method> <!-- addOneProductToCart_ValidProduct -->
        <test-method is-config="true" signature="tearDown()[pri:0, instance:tests.positiveTests.AddProductToCartAfterLoginTest@3a393455]" started-at="2025-07-13T12:48:28 SELČ" name="tearDown" finished-at="2025-07-13T12:48:29 SELČ" duration-ms="1640" status="PASS">
          <reporter-output>
          </reporter-output>
        </test-method> <!-- tearDown -->
      </class> <!-- tests.positiveTests.AddProductToCartAfterLoginTest -->
      <class name="tests.positiveTests.RegisterValidTest">
        <test-method is-config="true" signature="setup()[pri:0, instance:tests.positiveTests.RegisterValidTest@41dd05a]" started-at="2025-07-13T12:42:44 SELČ" name="setup" finished-at="2025-07-13T12:42:46 SELČ" duration-ms="2344" status="PASS">
          <reporter-output>
          </reporter-output>
        </test-method> <!-- setup -->
        <test-method signature="testValidRegistration()[pri:0, instance:tests.positiveTests.RegisterValidTest@41dd05a]" started-at="2025-07-13T12:42:46 SELČ" name="testValidRegistration" description="Valid user registration with correct data" finished-at="2025-07-13T12:42:48 SELČ" duration-ms="2093" status="PASS">
          <reporter-output>
          </reporter-output>
        </test-method> <!-- testValidRegistration -->
        <test-method is-config="true" signature="logout()[pri:0, instance:tests.positiveTests.RegisterValidTest@41dd05a]" started-at="2025-07-13T12:42:49 SELČ" name="logout" finished-at="2025-07-13T12:42:49 SELČ" duration-ms="648" status="PASS">
          <reporter-output>
          </reporter-output>
        </test-method> <!-- logout -->
      </class> <!-- tests.positiveTests.RegisterValidTest -->
      <class name="tests.positiveTests.LoginPositiveTest">
        <test-method is-config="true" signature="setup()[pri:0, instance:tests.positiveTests.LoginPositiveTest@5b068087]" started-at="2025-07-13T12:47:48 SELČ" name="setup" finished-at="2025-07-13T12:47:50 SELČ" duration-ms="2221" status="PASS">
          <reporter-output>
          </reporter-output>
        </test-method> <!-- setup -->
        <test-method signature="loginWithValidCredentialsShouldSucceed()[pri:0, instance:tests.positiveTests.LoginPositiveTest@5b068087]" started-at="2025-07-13T12:47:50 SELČ" name="loginWithValidCredentialsShouldSucceed" description="Valid user login with correct data" finished-at="2025-07-13T12:47:52 SELČ" duration-ms="1054" status="PASS">
          <reporter-output>
          </reporter-output>
        </test-method> <!-- loginWithValidCredentialsShouldSucceed -->
        <test-method is-config="true" signature="logoutLoggedUser()[pri:0, instance:tests.positiveTests.LoginPositiveTest@5b068087]" started-at="2025-07-13T12:47:52 SELČ" name="logoutLoggedUser" finished-at="2025-07-13T12:47:52 SELČ" duration-ms="596" status="PASS">
          <reporter-output>
          </reporter-output>
        </test-method> <!-- logoutLoggedUser -->
      </class> <!-- tests.positiveTests.LoginPositiveTest -->
    </test> <!-- Test -->
  </suite> <!-- Suite -->
</testng-results>
