<?xml version="1.0" encoding="UTF-8"?>
<testng-results ignored="0" total="1" passed="1" failed="0" skipped="0">
  <reporter-output>
  </reporter-output>
  <suite started-at="2025-07-06T14:02:03 SELČ" name="Default suite" finished-at="2025-07-06T14:02:08 SELČ" duration-ms="4978">
    <groups>
    </groups>
    <test started-at="2025-07-06T14:02:03 SELČ" name="Default test" finished-at="2025-07-06T14:02:08 SELČ" duration-ms="4978">
      <class name="tests.LoginValidTest">
        <test-method is-config="true" signature="setup()[pri:0, instance:tests.LoginValidTest@2b0f373b]" started-at="2025-07-06T14:02:04 SELČ" name="setup" finished-at="2025-07-06T14:02:07 SELČ" duration-ms="3182" status="PASS">
          <reporter-output>
          </reporter-output>
        </test-method> <!-- setup -->
        <test-method signature="testValidLogin()[pri:0, instance:tests.LoginValidTest@2b0f373b]" started-at="2025-07-06T14:02:07 SELČ" name="testValidLogin" description="Valid user login with correct data" finished-at="2025-07-06T14:02:08 SELČ" duration-ms="1097" status="PASS">
          <reporter-output>
          </reporter-output>
        </test-method> <!-- testValidLogin -->
        <test-method is-config="true" signature="logoutLoggedUser()[pri:0, instance:tests.LoginValidTest@2b0f373b]" started-at="2025-07-06T14:02:08 SELČ" name="logoutLoggedUser" finished-at="2025-07-06T14:02:08 SELČ" duration-ms="542" status="PASS">
          <reporter-output>
          </reporter-output>
        </test-method> <!-- logoutLoggedUser -->
        <test-method is-config="true" signature="tearDown()[pri:0, instance:tests.LoginValidTest@2b0f373b]" started-at="2025-07-06T14:02:08 SELČ" name="tearDown" finished-at="2025-07-06T14:02:08 SELČ" duration-ms="125" status="PASS">
          <reporter-output>
          </reporter-output>
        </test-method> <!-- tearDown -->
      </class> <!-- tests.LoginValidTest -->
    </test> <!-- Default test -->
  </suite> <!-- Default suite -->
</testng-results>
