<?xml version="1.0" encoding="UTF-8"?>
<testng-results ignored="0" total="1" passed="1" failed="0" skipped="0">
  <reporter-output>
  </reporter-output>
  <suite started-at="2025-07-07T11:09:56 SELČ" name="Default suite" finished-at="2025-07-07T11:10:05 SELČ" duration-ms="8791">
    <groups>
    </groups>
    <test started-at="2025-07-07T11:09:56 SELČ" name="Default test" finished-at="2025-07-07T11:10:05 SELČ" duration-ms="8791">
      <class name="tests.CheckoutTests">
        <test-method is-config="true" signature="setup()[pri:0, instance:tests.CheckoutTests@57ea113a]" started-at="2025-07-07T11:09:56 SELČ" name="setup" finished-at="2025-07-07T11:10:02 SELČ" duration-ms="5851" status="PASS">
          <reporter-output>
          </reporter-output>
        </test-method> <!-- setup -->
        <test-method signature="shoppingE2EFlow()[pri:0, instance:tests.CheckoutTests@57ea113a]" started-at="2025-07-07T11:10:02 SELČ" name="shoppingE2EFlow" description="Shopping e2e flow" finished-at="2025-07-07T11:10:05 SELČ" duration-ms="2767" status="PASS">
          <reporter-output>
          </reporter-output>
        </test-method> <!-- shoppingE2EFlow -->
        <test-method is-config="true" signature="tearDown()[pri:0, instance:tests.CheckoutTests@57ea113a]" started-at="2025-07-07T11:10:05 SELČ" name="tearDown" finished-at="2025-07-07T11:10:05 SELČ" duration-ms="144" status="PASS">
          <reporter-output>
          </reporter-output>
        </test-method> <!-- tearDown -->
      </class> <!-- tests.CheckoutTests -->
    </test> <!-- Default test -->
  </suite> <!-- Default suite -->
</testng-results>
