<?xml version="1.0" encoding="UTF-8"?>
<testng-results ignored="0" total="6" passed="6" failed="0" skipped="0">
  <reporter-output>
  </reporter-output>
  <suite started-at="2025-07-11T11:09:43 SELČ" name="Default suite" finished-at="2025-07-11T11:13:02 SELČ" duration-ms="198329">
    <groups>
    </groups>
    <test started-at="2025-07-11T11:09:43 SELČ" name="Default test" finished-at="2025-07-11T11:13:02 SELČ" duration-ms="198329">
      <class name="tests.negativeTests.RegisterInvalidTests">
        <test-method is-config="true" signature="setup()[pri:0, instance:tests.negativeTests.RegisterInvalidTests@56113384]" started-at="2025-07-11T11:09:43 SELČ" name="setup" finished-at="2025-07-11T11:09:46 SELČ" duration-ms="2800" status="PASS">
          <reporter-output>
          </reporter-output>
        </test-method> <!-- setup -->
        <test-method signature="registerWithEmptyConfirmPasswordField()[pri:0, instance:tests.negativeTests.RegisterInvalidTests@56113384]" started-at="2025-07-11T11:09:46 SELČ" name="registerWithEmptyConfirmPasswordField" description="Registration with empty confirmpassword field" finished-at="2025-07-11T11:10:18 SELČ" duration-ms="31306" status="PASS">
          <reporter-output>
          </reporter-output>
        </test-method> <!-- registerWithEmptyConfirmPasswordField -->
        <test-method is-config="true" signature="setup()[pri:0, instance:tests.negativeTests.RegisterInvalidTests@56113384]" started-at="2025-07-11T11:10:18 SELČ" name="setup" finished-at="2025-07-11T11:10:20 SELČ" duration-ms="2152" status="PASS">
          <reporter-output>
          </reporter-output>
        </test-method> <!-- setup -->
        <test-method signature="registerWithEmptyCredentials()[pri:0, instance:tests.negativeTests.RegisterInvalidTests@56113384]" started-at="2025-07-11T11:10:20 SELČ" name="registerWithEmptyCredentials" description="Test with empty credentials" finished-at="2025-07-11T11:10:20 SELČ" duration-ms="346" status="PASS">
          <reporter-output>
          </reporter-output>
        </test-method> <!-- registerWithEmptyCredentials -->
        <test-method is-config="true" signature="setup()[pri:0, instance:tests.negativeTests.RegisterInvalidTests@56113384]" started-at="2025-07-11T11:10:20 SELČ" name="setup" finished-at="2025-07-11T11:10:22 SELČ" duration-ms="2100" status="PASS">
          <reporter-output>
          </reporter-output>
        </test-method> <!-- setup -->
        <test-method signature="registerWithEmptyEmailField()[pri:0, instance:tests.negativeTests.RegisterInvalidTests@56113384]" started-at="2025-07-11T11:10:22 SELČ" name="registerWithEmptyEmailField" description="Registration with empty email field" finished-at="2025-07-11T11:11:03 SELČ" duration-ms="40719" status="PASS">
          <reporter-output>
          </reporter-output>
        </test-method> <!-- registerWithEmptyEmailField -->
        <test-method is-config="true" signature="setup()[pri:0, instance:tests.negativeTests.RegisterInvalidTests@56113384]" started-at="2025-07-11T11:11:03 SELČ" name="setup" finished-at="2025-07-11T11:11:05 SELČ" duration-ms="2159" status="PASS">
          <reporter-output>
          </reporter-output>
        </test-method> <!-- setup -->
        <test-method signature="registerWithEmptyFirstNameField()[pri:0, instance:tests.negativeTests.RegisterInvalidTests@56113384]" started-at="2025-07-11T11:11:05 SELČ" name="registerWithEmptyFirstNameField" description="Registration with empty firstname field" finished-at="2025-07-11T11:11:46 SELČ" duration-ms="40820" status="PASS">
          <reporter-output>
          </reporter-output>
        </test-method> <!-- registerWithEmptyFirstNameField -->
        <test-method is-config="true" signature="setup()[pri:0, instance:tests.negativeTests.RegisterInvalidTests@56113384]" started-at="2025-07-11T11:11:46 SELČ" name="setup" finished-at="2025-07-11T11:11:48 SELČ" duration-ms="2126" status="PASS">
          <reporter-output>
          </reporter-output>
        </test-method> <!-- setup -->
        <test-method signature="registerWithEmptyLastNameField()[pri:0, instance:tests.negativeTests.RegisterInvalidTests@56113384]" started-at="2025-07-11T11:11:48 SELČ" name="registerWithEmptyLastNameField" description="Registration with empty lastname field" finished-at="2025-07-11T11:12:29 SELČ" duration-ms="40792" status="PASS">
          <reporter-output>
          </reporter-output>
        </test-method> <!-- registerWithEmptyLastNameField -->
        <test-method is-config="true" signature="setup()[pri:0, instance:tests.negativeTests.RegisterInvalidTests@56113384]" started-at="2025-07-11T11:12:29 SELČ" name="setup" finished-at="2025-07-11T11:12:31 SELČ" duration-ms="2193" status="PASS">
          <reporter-output>
          </reporter-output>
        </test-method> <!-- setup -->
        <test-method signature="registerWithEmptyPasswordField()[pri:0, instance:tests.negativeTests.RegisterInvalidTests@56113384]" started-at="2025-07-11T11:12:31 SELČ" name="registerWithEmptyPasswordField" description="Registration with empty password field" finished-at="2025-07-11T11:13:02 SELČ" duration-ms="30775" status="PASS">
          <reporter-output>
          </reporter-output>
        </test-method> <!-- registerWithEmptyPasswordField -->
      </class> <!-- tests.negativeTests.RegisterInvalidTests -->
    </test> <!-- Default test -->
  </suite> <!-- Default suite -->
</testng-results>
