<?xml version="1.0" encoding="UTF-8"?>
<!-- Generated by org.testng.reporters.JUnitReportReporter -->
<testsuite hostname="DESKTOP-PDQBIIN" failures="0" tests="9" name="tests.positiveTests.EndToEndShoppingFlowAfterRegistrationTest" time="118.514" errors="0" timestamp="2025-07-13T13:18:48 SELČ" skipped="0">
  <testcase classname="tests.positiveTests.EndToEndShoppingFlowAfterRegistrationTest" name="selectPaymentMethodAfterRegistration" time="11.267"/>
  <testcase classname="tests.positiveTests.EndToEndShoppingFlowAfterRegistrationTest" name="shouldVerifyPrefilledBillingFieldsAndEnterRemainingInformationAfterRegistration" time="11.089"/>
  <testcase classname="tests.positiveTests.EndToEndShoppingFlowAfterRegistrationTest" name="selectShippingMethodAfterRegistration" time="10.626"/>
  <testcase classname="tests.positiveTests.EndToEndShoppingFlowAfterRegistrationTest" name="shouldEstimateShippingAndDisplayCorrectTotalsAfterRegistration" time="9.090"/>
  <testcase classname="tests.positiveTests.EndToEndShoppingFlowAfterRegistrationTest" name="verifyPrefilledShippingInformationAfterRegistration" time="10.398"/>
  <testcase classname="tests.positiveTests.EndToEndShoppingFlowAfterRegistrationTest" name="checkConfirmOrderDetailsAfterRegistration" time="23.295"/>
  <testcase classname="tests.positiveTests.EndToEndShoppingFlowAfterRegistrationTest" name="verifyOrderCompletionAfterRegistration" time="23.621"/>
  <testcase classname="tests.positiveTests.EndToEndShoppingFlowAfterRegistrationTest" name="verifyPaymentInformationAfterRegistration" time="12.392"/>
  <testcase classname="tests.positiveTests.EndToEndShoppingFlowAfterRegistrationTest" name="shouldDisplayCorrectProductDetailsAfterRegistration" time="6.736"/>
</testsuite> <!-- tests.positiveTests.EndToEndShoppingFlowAfterRegistrationTest -->
