<?xml version="1.0" encoding="UTF-8"?>
<!-- Generated by org.testng.reporters.JUnitReportReporter -->
<testsuite hostname="DESKTOP-PDQBIIN" failures="0" tests="10" name="tests.EndToEndShoppingFlowAfterLoginTest" time="145.118" errors="0" timestamp="2025-07-09T11:03:17 SELČ" skipped="0">
  <testcase classname="tests.EndToEndShoppingFlowAfterLoginTest" name="shouldDisplayCorrectProductDetailsAfterLogin" time="5.607"/>
  <testcase classname="tests.EndToEndShoppingFlowAfterLoginTest" name="selectPaymentMethodAfterLogin" time="28.882"/>
  <testcase classname="tests.EndToEndShoppingFlowAfterLoginTest" name="testSubmitOrderAndCheckoutUrl" time="6.922"/>
  <testcase classname="tests.EndToEndShoppingFlowAfterLoginTest" name="selectShippingMethodAfterLogin" time="8.752"/>
  <testcase classname="tests.EndToEndShoppingFlowAfterLoginTest" name="verifyOrderCompletionAfterLogin" time="21.153"/>
  <testcase classname="tests.EndToEndShoppingFlowAfterLoginTest" name="checkConfirmOrderDetailsAfterLogin" time="21.244"/>
  <testcase classname="tests.EndToEndShoppingFlowAfterLoginTest" name="verifyPaymentInformationAfterLogin" time="10.228"/>
  <testcase classname="tests.EndToEndShoppingFlowAfterLoginTest" name="shouldVerifyPrefilledBillingFieldsAfterLogin" time="7.744"/>
  <testcase classname="tests.EndToEndShoppingFlowAfterLoginTest" name="shouldEstimateShippingAndDisplayCorrectTotalsAfterLogin" time="6.902"/>
  <testcase classname="tests.EndToEndShoppingFlowAfterLoginTest" name="verifyPrefilledShippingInformationAfterLogin" time="27.684"/>
</testsuite> <!-- tests.EndToEndShoppingFlowAfterLoginTest -->
