<?xml version="1.0" encoding="UTF-8"?>
<!-- Generated by org.testng.reporters.JUnitReportReporter -->
<testsuite hostname="DESKTOP-PDQBIIN" failures="0" tests="10" name="tests.positiveTests.EndToEndShoppingFlowAfterLoginTest" time="151.281" errors="0" timestamp="2025-07-13T12:52:58 SELČ" skipped="0">
  <testcase classname="tests.positiveTests.EndToEndShoppingFlowAfterLoginTest" name="checkConfirmOrderDetailsAfterLogin" time="15.115"/>
  <testcase classname="tests.positiveTests.EndToEndShoppingFlowAfterLoginTest" name="verifyPaymentInformationAfterLogin" time="11.502"/>
  <testcase classname="tests.positiveTests.EndToEndShoppingFlowAfterLoginTest" name="shouldDisplayCorrectProductDetailsAfterLogin" time="7.065"/>
  <testcase classname="tests.positiveTests.EndToEndShoppingFlowAfterLoginTest" name="selectShippingMethodAfterLogin" time="10.102"/>
  <testcase classname="tests.positiveTests.EndToEndShoppingFlowAfterLoginTest" name="shouldVerifyPrefilledBillingFieldsAfterLogin" time="8.935"/>
  <testcase classname="tests.positiveTests.EndToEndShoppingFlowAfterLoginTest" name="verifyPrefilledShippingInformationAfterLogin" time="29.385"/>
  <testcase classname="tests.positiveTests.EndToEndShoppingFlowAfterLoginTest" name="selectPaymentMethodAfterLogin" time="10.754"/>
  <testcase classname="tests.positiveTests.EndToEndShoppingFlowAfterLoginTest" name="testSubmitOrderAndCheckoutUrl" time="27.700"/>
  <testcase classname="tests.positiveTests.EndToEndShoppingFlowAfterLoginTest" name="verifyOrderCompletionAfterLogin" time="22.476"/>
  <testcase classname="tests.positiveTests.EndToEndShoppingFlowAfterLoginTest" name="shouldEstimateShippingAndDisplayCorrectTotalsAfterLogin" time="8.247"/>
</testsuite> <!-- tests.positiveTests.EndToEndShoppingFlowAfterLoginTest -->
