<?xml version="1.0" encoding="UTF-8"?>
<!-- Generated by org.testng.reporters.JUnitReportReporter -->
<testsuite hostname="DESKTOP-PDQBIIN" failures="0" tests="10" name="tests.ShoppingE2EFlowTest" time="145.224" errors="0" timestamp="2025-07-08T22:33:43 SELČ" skipped="0">
  <testcase classname="tests.ShoppingE2EFlowTest" name="testSubmitOrderAndCheckoutUrl" time="6.933"/>
  <testcase classname="tests.ShoppingE2EFlowTest" name="testPaymentMethodSelection" time="9.130"/>
  <testcase classname="tests.ShoppingE2EFlowTest" name="testPaymentInformation" time="9.778"/>
  <testcase classname="tests.ShoppingE2EFlowTest" name="testShippingAndTotals" time="6.936"/>
  <testcase classname="tests.ShoppingE2EFlowTest" name="testBillingInformation" time="27.599"/>
  <testcase classname="tests.ShoppingE2EFlowTest" name="testConfirmOrderDetails" time="21.818"/>
  <testcase classname="tests.ShoppingE2EFlowTest" name="testShippingMethodSelection" time="28.415"/>
  <testcase classname="tests.ShoppingE2EFlowTest" name="testOrderCompletion" time="20.766"/>
  <testcase classname="tests.ShoppingE2EFlowTest" name="testShippingInformation" time="8.119"/>
  <testcase classname="tests.ShoppingE2EFlowTest" name="testShoppingCartDetails" time="5.730"/>
</testsuite> <!-- tests.ShoppingE2EFlowTest -->
