<?xml version="1.0" encoding="UTF-8"?>
<!-- Generated by org.testng.reporters.JUnitReportReporter -->
<testsuite hostname="DESKTOP-PDQBIIN" failures="0" tests="6" name="tests.negativeTests.RegisterInvalidTests" time="198.288" errors="0" timestamp="2025-07-11T11:13:02 SELČ" skipped="0">
  <testcase classname="tests.negativeTests.RegisterInvalidTests" name="registerWithEmptyPasswordField" time="32.901"/>
  <testcase classname="tests.negativeTests.RegisterInvalidTests" name="registerWithEmptyConfirmPasswordField" time="33.465"/>
  <testcase classname="tests.negativeTests.RegisterInvalidTests" name="registerWithEmptyLastNameField" time="42.944"/>
  <testcase classname="tests.negativeTests.RegisterInvalidTests" name="registerWithEmptyFirstNameField" time="43.620"/>
  <testcase classname="tests.negativeTests.RegisterInvalidTests" name="registerWithEmptyEmailField" time="42.912"/>
  <testcase classname="tests.negativeTests.RegisterInvalidTests" name="registerWithEmptyCredentials" time="2.446"/>
</testsuite> <!-- tests.negativeTests.RegisterInvalidTests -->
