<?xml version="1.0" encoding="UTF-8"?>
<!-- Generated by org.testng.reporters.JUnitReportReporter -->
<testsuite hostname="DESKTOP-PDQBIIN" failures="0" tests="9" name="tests.positiveTests.EndToEndShoppingFlowAfterRegistrationTest" time="117.475" errors="0" timestamp="2025-07-13T12:52:58 SELČ" skipped="0">
  <testcase classname="tests.positiveTests.EndToEndShoppingFlowAfterRegistrationTest" name="checkConfirmOrderDetailsAfterRegistration" time="22.924"/>
  <testcase classname="tests.positiveTests.EndToEndShoppingFlowAfterRegistrationTest" name="verifyPaymentInformationAfterRegistration" time="11.558"/>
  <testcase classname="tests.positiveTests.EndToEndShoppingFlowAfterRegistrationTest" name="shouldEstimateShippingAndDisplayCorrectTotalsAfterRegistration" time="9.048"/>
  <testcase classname="tests.positiveTests.EndToEndShoppingFlowAfterRegistrationTest" name="shouldVerifyPrefilledBillingFieldsAndEnterRemainingInformationAfterRegistration" time="10.365"/>
  <testcase classname="tests.positiveTests.EndToEndShoppingFlowAfterRegistrationTest" name="shouldDisplayCorrectProductDetailsAfterRegistration" time="6.941"/>
  <testcase classname="tests.positiveTests.EndToEndShoppingFlowAfterRegistrationTest" name="selectPaymentMethodAfterRegistration" time="11.827"/>
  <testcase classname="tests.positiveTests.EndToEndShoppingFlowAfterRegistrationTest" name="verifyPrefilledShippingInformationAfterRegistration" time="10.506"/>
  <testcase classname="tests.positiveTests.EndToEndShoppingFlowAfterRegistrationTest" name="verifyOrderCompletionAfterRegistration" time="22.916"/>
  <testcase classname="tests.positiveTests.EndToEndShoppingFlowAfterRegistrationTest" name="selectShippingMethodAfterRegistration" time="11.390"/>
</testsuite> <!-- tests.positiveTests.EndToEndShoppingFlowAfterRegistrationTest -->
