<?xml version="1.0" encoding="UTF-8"?>
<!-- Generated by org.testng.reporters.JUnitReportReporter -->
<testsuite hostname="DESKTOP-PDQBIIN" failures="0" tests="11" name="tests.negativeTests.LoginInvalidTests" time="30.529" errors="0" timestamp="2025-07-13T12:52:58 SELČ" skipped="0">
  <testcase classname="tests.negativeTests.LoginInvalidTests" name="loginWithInvalidCredentialsTest" time="2.709"/>
  <testcase classname="tests.negativeTests.LoginInvalidTests" name="loginWithInvalidCredentialsTest" time="3.182"/>
  <testcase classname="tests.negativeTests.LoginInvalidTests" name="loginWithInvalidCredentialsTest" time="2.500"/>
  <testcase classname="tests.negativeTests.LoginInvalidTests" name="loginWithInvalidCredentialsTest" time="2.738"/>
  <testcase classname="tests.negativeTests.LoginInvalidTests" name="loginWithInvalidCredentialsTest" time="2.619"/>
  <testcase classname="tests.negativeTests.LoginInvalidTests" name="loginWithInvalidCredentialsTest" time="2.651"/>
  <testcase classname="tests.negativeTests.LoginInvalidTests" name="loginWithInvalidCredentialsTest" time="3.507"/>
  <testcase classname="tests.negativeTests.LoginInvalidTests" name="loginWithInvalidCredentialsTest" time="2.674"/>
  <testcase classname="tests.negativeTests.LoginInvalidTests" name="loginWithInvalidCredentialsTest" time="2.627"/>
  <testcase classname="tests.negativeTests.LoginInvalidTests" name="loginWithInvalidCredentialsTest" time="2.773"/>
  <testcase classname="tests.negativeTests.LoginInvalidTests" name="loginWithInvalidCredentialsTest" time="2.549"/>
</testsuite> <!-- tests.negativeTests.LoginInvalidTests -->
