<?xml version="1.0" encoding="UTF-8"?>
<!-- Generated by org.testng.reporters.JUnitReportReporter -->
<testsuite hostname="DESKTOP-PDQBIIN" failures="0" tests="10" name="tests.ShoppingE2EFlowTest" time="138.425" errors="0" timestamp="2025-07-08T10:34:05 SELČ" skipped="0">
  <testcase classname="tests.ShoppingE2EFlowTest" name="testShippingMethodSelection" time="8.728"/>
  <testcase classname="tests.ShoppingE2EFlowTest" name="testPaymentInformation" time="11.100"/>
  <testcase classname="tests.ShoppingE2EFlowTest" name="testShoppingCartDetails" time="25.557"/>
  <testcase classname="tests.ShoppingE2EFlowTest" name="testConfirmOrderDetails" time="20.861"/>
  <testcase classname="tests.ShoppingE2EFlowTest" name="testShippingInformation" time="9.116"/>
  <testcase classname="tests.ShoppingE2EFlowTest" name="testBillingInformation" time="7.558"/>
  <testcase classname="tests.ShoppingE2EFlowTest" name="testShippingAndTotals" time="7.418"/>
  <testcase classname="tests.ShoppingE2EFlowTest" name="testOrderCompletion" time="12.070"/>
  <testcase classname="tests.ShoppingE2EFlowTest" name="testPaymentMethodSelection" time="29.005"/>
  <testcase classname="tests.ShoppingE2EFlowTest" name="testSubmitOrderAndCheckoutUrl" time="7.012"/>
</testsuite> <!-- tests.ShoppingE2EFlowTest -->
