<?xml version="1.0" encoding="UTF-8"?>
<!-- Generated by org.testng.reporters.JUnitReportReporter -->
<testsuite hostname="DESKTOP-PDQBIIN" failures="0" tests="1" name="tests.positiveTests.AddProductToCartAfterLoginTest" time="6.608" errors="0" timestamp="2025-07-13T12:52:58 SELČ" skipped="0">
  <testcase classname="tests.positiveTests.AddProductToCartAfterLoginTest" name="addOneProductToCart_ValidProduct" time="6.608"/>
</testsuite> <!-- tests.positiveTests.AddProductToCartAfterLoginTest -->
