<?xml version="1.0" encoding="UTF-8"?>
<!-- Generated by org.testng.reporters.JUnitReportReporter -->
<testsuite hostname="DESKTOP-PDQBIIN" failures="0" tests="10" name="tests.positiveTests.EndToEndShoppingFlowAfterLoginTest" time="163.949" errors="0" timestamp="2025-07-13T13:18:48 SELČ" skipped="0">
  <testcase classname="tests.positiveTests.EndToEndShoppingFlowAfterLoginTest" name="verifyOrderCompletionAfterLogin" time="23.992"/>
  <testcase classname="tests.positiveTests.EndToEndShoppingFlowAfterLoginTest" name="testSubmitOrderAndCheckoutUrl" time="8.290"/>
  <testcase classname="tests.positiveTests.EndToEndShoppingFlowAfterLoginTest" name="shouldVerifyPrefilledBillingFieldsAfterLogin" time="9.810"/>
  <testcase classname="tests.positiveTests.EndToEndShoppingFlowAfterLoginTest" name="shouldEstimateShippingAndDisplayCorrectTotalsAfterLogin" time="8.389"/>
  <testcase classname="tests.positiveTests.EndToEndShoppingFlowAfterLoginTest" name="checkConfirmOrderDetailsAfterLogin" time="22.689"/>
  <testcase classname="tests.positiveTests.EndToEndShoppingFlowAfterLoginTest" name="selectShippingMethodAfterLogin" time="29.703"/>
  <testcase classname="tests.positiveTests.EndToEndShoppingFlowAfterLoginTest" name="verifyPaymentInformationAfterLogin" time="11.703"/>
  <testcase classname="tests.positiveTests.EndToEndShoppingFlowAfterLoginTest" name="selectPaymentMethodAfterLogin" time="11.690"/>
  <testcase classname="tests.positiveTests.EndToEndShoppingFlowAfterLoginTest" name="verifyPrefilledShippingInformationAfterLogin" time="30.111"/>
  <testcase classname="tests.positiveTests.EndToEndShoppingFlowAfterLoginTest" name="shouldDisplayCorrectProductDetailsAfterLogin" time="7.572"/>
</testsuite> <!-- tests.positiveTests.EndToEndShoppingFlowAfterLoginTest -->
