<?xml version="1.0" encoding="UTF-8"?>
<!-- Generated by org.testng.reporters.JUnitReportReporter -->
<testsuite hostname="DESKTOP-PDQBIIN" failures="0" tests="1" name="tests.EndToEndShoppingFlowAfterRegistrationTest" time="22.498" errors="0" timestamp="2025-07-09T08:56:56 SELČ" skipped="0">
  <testcase classname="tests.EndToEndShoppingFlowAfterRegistrationTest" name="verifyOrderCompletionAfterRegistration" time="22.498"/>
</testsuite> <!-- tests.EndToEndShoppingFlowAfterRegistrationTest -->
