<?xml version="1.0" encoding="UTF-8"?>
<!-- Generated by org.testng.reporters.JUnitReportReporter -->
<testsuite hostname="DESKTOP-PDQBIIN" failures="0" tests="9" name="tests.EndToEndShoppingFlowAfterRegistrationTest" time="95.751" errors="0" timestamp="2025-07-09T11:03:17 SELČ" skipped="0">
  <testcase classname="tests.EndToEndShoppingFlowAfterRegistrationTest" name="shouldDisplayCorrectProductDetailsAfterRegistration" time="7.167"/>
  <testcase classname="tests.EndToEndShoppingFlowAfterRegistrationTest" name="selectPaymentMethodAfterRegistration" time="10.000"/>
  <testcase classname="tests.EndToEndShoppingFlowAfterRegistrationTest" name="checkConfirmOrderDetailsAfterRegistration" time="12.209"/>
  <testcase classname="tests.EndToEndShoppingFlowAfterRegistrationTest" name="verifyPrefilledShippingInformationAfterRegistration" time="8.355"/>
  <testcase classname="tests.EndToEndShoppingFlowAfterRegistrationTest" name="selectShippingMethodAfterRegistration" time="9.565"/>
  <testcase classname="tests.EndToEndShoppingFlowAfterRegistrationTest" name="verifyPaymentInformationAfterRegistration" time="9.940"/>
  <testcase classname="tests.EndToEndShoppingFlowAfterRegistrationTest" name="shouldVerifyPrefilledBillingFieldsAndEnterRemainingInformationAfterRegistration" time="8.756"/>
  <testcase classname="tests.EndToEndShoppingFlowAfterRegistrationTest" name="verifyOrderCompletionAfterRegistration" time="22.215"/>
  <testcase classname="tests.EndToEndShoppingFlowAfterRegistrationTest" name="shouldEstimateShippingAndDisplayCorrectTotalsAfterRegistration" time="7.544"/>
</testsuite> <!-- tests.EndToEndShoppingFlowAfterRegistrationTest -->
