<?xml version="1.0" encoding="UTF-8"?>
<!-- Generated by org.testng.reporters.JUnitReportReporter -->
<testsuite hostname="DESKTOP-PDQBIIN" failures="0" tests="11" name="tests.negativeTests.LoginInvalidTests" time="29.799" errors="0" timestamp="2025-07-10T08:01:45 SELČ" skipped="0">
  <testcase classname="tests.negativeTests.LoginInvalidTests" name="loginWithInvalidCredentialsTest" time="3.542"/>
  <testcase classname="tests.negativeTests.LoginInvalidTests" name="loginWithInvalidCredentialsTest" time="2.598"/>
  <testcase classname="tests.negativeTests.LoginInvalidTests" name="loginWithInvalidCredentialsTest" time="2.624"/>
  <testcase classname="tests.negativeTests.LoginInvalidTests" name="loginWithInvalidCredentialsTest" time="2.687"/>
  <testcase classname="tests.negativeTests.LoginInvalidTests" name="loginWithInvalidCredentialsTest" time="2.577"/>
  <testcase classname="tests.negativeTests.LoginInvalidTests" name="loginWithInvalidCredentialsTest" time="2.658"/>
  <testcase classname="tests.negativeTests.LoginInvalidTests" name="loginWithInvalidCredentialsTest" time="2.576"/>
  <testcase classname="tests.negativeTests.LoginInvalidTests" name="loginWithInvalidCredentialsTest" time="2.547"/>
  <testcase classname="tests.negativeTests.LoginInvalidTests" name="loginWithInvalidCredentialsTest" time="2.547"/>
  <testcase classname="tests.negativeTests.LoginInvalidTests" name="loginWithInvalidCredentialsTest" time="2.816"/>
  <testcase classname="tests.negativeTests.LoginInvalidTests" name="loginWithInvalidCredentialsTest" time="2.627"/>
</testsuite> <!-- tests.negativeTests.LoginInvalidTests -->
